[medes.modulemedia.co.uk/index.html]
[backblue.gif]
[fade.gif]
[index.html]
[medes.modulemedia.co.uk/scripts/chocolat.css]
[medes.modulemedia.co.uk/assets/files/Homepage_Feature_Image.jpg]
[medes.modulemedia.co.uk/Styles/menusub.css]
[medes.modulemedia.co.uk/Styles/site.css]
[medes.modulemedia.co.uk/Styles/boxes.css]
[medes.modulemedia.co.uk/Styles/custom.css]
[medes.modulemedia.co.uk/Styles/jquery-ui-1.10.3.flat.css]
[medes.modulemedia.co.uk/styles/searchbox.css]
[medes.modulemedia.co.uk/scripts/colorbox/example5/colorbox.css]
[medes.modulemedia.co.uk/styles/slider.css]
[medes.modulemedia.co.uk/scripts/chosen.min.css]
[medes.modulemedia.co.uk/scripts/sidr/stylesheets/jquery.sidr.dark.css]
[medes.modulemedia.co.uk/scripts/bxslider/jquery.bxslider.css]
[medes.modulemedia.co.uk/styles/tablet.css]
[medes.modulemedia.co.uk/styles/mobile.css]
[medes.modulemedia.co.uk/scripts/ssk/css/social-share-kit.css]
[cdnjs.cloudflare.com/ajax/libs/jquery-confirm/3.2.0/jquery-confirm.min.css]
[medes.modulemedia.co.uk/scripts/jquery.chocolat.min.js]
[medes.modulemedia.co.uk/scripts/jquery-migrate-1.4.1.min.js]
[medes.modulemedia.co.uk/scripts/ssk/js/social-share-kit.js]
[medes.modulemedia.co.uk/scripts/sortable-master/Sortable.js]
[medes.modulemedia.co.uk/scripts/jquery-2.1.4.min.js]
[medes.modulemedia.co.uk/scripts/jquery-ui-timepicker-addon.js]
[medes.modulemedia.co.uk/scripts/jquery.scrollTo-1.4.2-min.js]
[medes.modulemedia.co.uk/scripts/jquery.localscroll-1.2.7-min.js]
[medes.modulemedia.co.uk/scripts/zebra/zebra_tooltips.js]
[medes.modulemedia.co.uk/jquery.formdefaults.js]
[medes.modulemedia.co.uk/scripts/chosen.jquery.min.js]
[medes.modulemedia.co.uk/JScript.js]
[medes.modulemedia.co.uk/scripts/ecommerce.js]
[medes.modulemedia.co.uk/scripts/easySlider1.8.js]
[medes.modulemedia.co.uk/scripts/jquery-ui-1.11.4.min.js]
[medes.modulemedia.co.uk/scripts/bxslider/jquery.bxslider.min.js]
[medes.modulemedia.co.uk/scripts/jquery.easytabs.min.js]
[medes.modulemedia.co.uk/scripts/tweetie.min.js]
[medes.modulemedia.co.uk/scripts/sidr/jquery.sidr.min.js]
[medes.modulemedia.co.uk/WebResource937d.js]
[medes.modulemedia.co.uk/ScriptResource18de.js]
[medes.modulemedia.co.uk/ScriptResource44b0.js]
[medes.modulemedia.co.uk/assets/images/structure/logo_white.png]
[cdnjs.cloudflare.com/ajax/libs/jquery-confirm/3.2.0/jquery-confirm.min.js]
[medes.modulemedia.co.uk/Images/Arrow_Scroll_Down.png]
[medes.modulemedia.co.uk/assets/files/Homepage_Primary_CTA_Image.jpg]
[medes.modulemedia.co.uk/about-us/index.html]
[medes.modulemedia.co.uk/scripts/chart.bundle.min.js]
[medes.modulemedia.co.uk/assets/images/1_Home/Medes_Logo_White.png]
[medes.modulemedia.co.uk/contact/index.html]
[medes.modulemedia.co.uk/index.html]
[medes.modulemedia.co.uk/investment-strategy/index.html]
[medes.modulemedia.co.uk/about-us/investing-in-iran/index.html]
[medes.modulemedia.co.uk/investor-centre/index.html]
[medes.modulemedia.co.uk/about-us/board/index.html]
[medes.modulemedia.co.uk/about-us/investment-team/index.html]
[medes.modulemedia.co.uk/investment-strategy/investment-principles/index.html]
[medes.modulemedia.co.uk/investment-strategy/investment-process-sanctions/index.html]
[medes.modulemedia.co.uk/investment-strategy/credit-and-special-situations/index.html]
[medes.modulemedia.co.uk/investment-strategy/dividend-policy/index.html]
[medes.modulemedia.co.uk/investor-centre/company-notifications/index.html]
[medes.modulemedia.co.uk/scripts/chocolat.css]
[medes.modulemedia.co.uk/investor-centre/audited-financials/index.html]
[medes.modulemedia.co.uk/investor-centre/events-listing/index.html]
[medes.modulemedia.co.uk/investor-centre/news-reg-filings/index.html]
[medes.modulemedia.co.uk/investor-centre/investment-management-report/index.html]
[medes.modulemedia.co.uk/investor-centre/corporate-documents/index.html]
[medes.modulemedia.co.uk/apple-icon-57x57.html]
[medes.modulemedia.co.uk/apple-icon-60x60.html]
[medes.modulemedia.co.uk/apple-icon-72x72.html]
[medes.modulemedia.co.uk/apple-icon-76x76.html]
[medes.modulemedia.co.uk/apple-icon-114x114.html]
[medes.modulemedia.co.uk/apple-icon-120x120.html]
[medes.modulemedia.co.uk/apple-icon-144x144.html]
[medes.modulemedia.co.uk/apple-icon-152x152.html]
[medes.modulemedia.co.uk/apple-icon-180x180.html]
[medes.modulemedia.co.uk/android-icon-192x192.html]
[medes.modulemedia.co.uk/favicon-32x32.html]
[medes.modulemedia.co.uk/favicon-96x96.html]
[medes.modulemedia.co.uk/favicon-16x16.html]
[medes.modulemedia.co.uk/manifest.html]
[cloud.typography.com/7593554/7776172/css/fonts.html]
[medes.modulemedia.co.uk/Styles/menusub.css]
[medes.modulemedia.co.uk/fonts/gt.css]
[medes.modulemedia.co.uk/fonts/gt-haptik.css]
[medes.modulemedia.co.uk/assets/cms/Module-Logo.png]
[medes.modulemedia.co.uk/assets/cms/icon-properties.png]
[medes.modulemedia.co.uk/assets/cms/icon-properties-up.png]
[medes.modulemedia.co.uk/assets/cms/icon-addpage.png]
[medes.modulemedia.co.uk/assets/cms/icon-addpage-up.png]
[medes.modulemedia.co.uk/assets/cms/icon-savepage.png]
[medes.modulemedia.co.uk/assets/cms/icon-savepage-up.png]
[medes.modulemedia.co.uk/assets/cms/icon-copypage.png]
[medes.modulemedia.co.uk/assets/cms/icon-copypage-up.png]
[medes.modulemedia.co.uk/assets/cms/icon-sitestructure.png]
[medes.modulemedia.co.uk/assets/cms/icon-sitestructure-up.png]
[medes.modulemedia.co.uk/assets/cms/icon-filemanager.png]
[medes.modulemedia.co.uk/assets/cms/icon-filemanager-up.png]
[medes.modulemedia.co.uk/assets/cms/icon-cmsoff.png]
[medes.modulemedia.co.uk/assets/cms/icon-cmsoff-up.png]
[medes.modulemedia.co.uk/assets/cms/icon-logout.png]
[medes.modulemedia.co.uk/assets/cms/icon-logout-up.png]
[medes.modulemedia.co.uk/Styles/site.css]
[medes.modulemedia.co.uk/assets/images/arrows/orange.png]
[medes.modulemedia.co.uk/assets/images/bg/relatedContent.jpg]
[medes.modulemedia.co.uk/Styles/boxes.css]
[medes.modulemedia.co.uk/assets/images/2.3.2_About_Investing in Iran_Capital Markets/Arrow_Next.png]
[medes.modulemedia.co.uk/assets/images/2.3.2_About_Investing in Iran_Capital Markets/Arrow_Previous.png]
[medes.modulemedia.co.uk/Images/Menu_Icon.png]
[medes.modulemedia.co.uk/assets/images/1_Home/Menu_Icon_Close.png]
[medes.modulemedia.co.uk/Styles/custom.css]
[medes.modulemedia.co.uk/Styles/images/ui-bg_fine-grain_0_2c3e50_60x60.png]
[medes.modulemedia.co.uk/Styles/images/ui-icons_2C3E50_256x240.png]
[medes.modulemedia.co.uk/Styles/images/ui-icons_ffffff_256x240.png]
[medes.modulemedia.co.uk/Styles/jquery-ui-1.10.3.flat.css]
[medes.modulemedia.co.uk/styles/searchbox.css]
[medes.modulemedia.co.uk/scripts/sidr/stylesheets/custom.css]
[medes.modulemedia.co.uk/scripts/colorbox/example5/colorbox.css]
[medes.modulemedia.co.uk/styles/slider.css]
[medes.modulemedia.co.uk/scripts/chosen-sprite.png]
[medes.modulemedia.co.uk/scripts/chosen.min.css]
[medes.modulemedia.co.uk/scripts/sidr/stylesheets/jquery.sidr.dark.css]
[medes.modulemedia.co.uk/scripts/bxslider/images/bx_loader.gif]
[medes.modulemedia.co.uk/scripts/bxslider/jquery.bxslider.css]
[medes.modulemedia.co.uk/styles/tablet.css]
[medes.modulemedia.co.uk/styles/mobile.css]
[medes.modulemedia.co.uk/scripts/ssk/fonts/social-share-kit.eot]
[medes.modulemedia.co.uk/scripts/ssk/fonts/social-share-kitd41d.eot]
[medes.modulemedia.co.uk/scripts/ssk/fonts/social-share-kit.woff]
[medes.modulemedia.co.uk/scripts/ssk/fonts/social-share-kit.ttf]
[medes.modulemedia.co.uk/scripts/ssk/css/social-share-kit.css]
[cdnjs.cloudflare.com/ajax/libs/jquery-confirm/3.2.0/jquery-confirm.min.css]
[medes.modulemedia.co.uk/favicon.html]
[medes.modulemedia.co.uk/WebResource937d.js]
[medes.modulemedia.co.uk/ScriptResource18de.js]
[medes.modulemedia.co.uk/ScriptResource44b0.js]
[medes.modulemedia.co.uk/assets/images/2_About_Landing/About_Landing_Feature_Image.jpg]
[medes.modulemedia.co.uk/about-us/index.html]
[medes.modulemedia.co.uk/assets/images/5_Contact/Contact.jpg]
[medes.modulemedia.co.uk/contact/index.html]
[medes.modulemedia.co.uk/assets/images/2.3_About_Investing in Iran/Investing_In_Iran_Image.jpg]
[medes.modulemedia.co.uk/assets/images/2.3_About_Investing in Iran/Investing_In_Iran_Banner.jpg]
[medes.modulemedia.co.uk/about-us/investing-in-iran/macro-dynamics/index.html]
[medes.modulemedia.co.uk/about-us/investing-in-iran/index.html]
[medes.modulemedia.co.uk/about-us/investing-in-iran/irans-capital-markets/index.html]
[medes.modulemedia.co.uk/about-us/investing-in-iran/recent-developments/index.html]
[medes.modulemedia.co.uk/assets/images/3.1_Investment Strategy_Investment Principles/Investment_Statregy.jpg]
[medes.modulemedia.co.uk/investment-strategy/index.html]
[medes.modulemedia.co.uk/assets/images/4_Investor Centre_Landing/Investor_Centre_Banner.jpg]
[medes.modulemedia.co.uk/investor-centre/index.html]
[medes.modulemedia.co.uk/www.modulemedia.co.html]
[medes.modulemedia.co.uk/contact.html]
[medes.modulemedia.co.uk/assets/images/2.2_About_Investment Team/Taco-Artworked.jpg]
[medes.modulemedia.co.uk/assets/images/2.1_About_Board/About_Board_Bottom_Image.jpg]
[medes.modulemedia.co.uk/about-us/board/index.html]
[medes.modulemedia.co.uk/assets/images/2.2_About_Investment Team/Clemente-Artworked.jpg]
[medes.modulemedia.co.uk/assets/images/2.2_About_Investment Team/Kiyan-Artworked.jpg]
[medes.modulemedia.co.uk/assets/images/2.2_About_Investment Team/Lanna-Artworked.jpg]
[medes.modulemedia.co.uk/assets/images/2.2_About_Investment Team/Lawrence-Artworked.jpg]
[medes.modulemedia.co.uk/assets/images/2.2_About_Investment Team/About_Investment_Team_Bottom_Image.jpg]
[medes.modulemedia.co.uk/about-us/investment-team/index.html]
[medes.modulemedia.co.uk/assets/images/3.1_Investment Strategy_Investment Principles/Investment_Principles_Banner.jpg]
[medes.modulemedia.co.uk/investment-strategy/investment-principles/index.html]
[medes.modulemedia.co.uk/assets/images/4_Investor Centre_Landing/Sanctions_Banner.jpg]
[medes.modulemedia.co.uk/investment-strategy/investment-process-sanctions/index.html]
[medes.modulemedia.co.uk/assets/images/3.2_Investment Strategy_Credit and Special Situations/Investment Strategy_Divider_Image.jpg]
[medes.modulemedia.co.uk/SplitOfDebtGraph.js]
[medes.modulemedia.co.uk/investment-strategy/credit-and-special-situations/index.html]
[medes.modulemedia.co.uk/assets/images/4_Investor Centre_Landing/Dividend_Policy_Banner.jpg]
[medes.modulemedia.co.uk/investment-strategy/dividend-policy/index.html]
[medes.modulemedia.co.uk/investor-centre/company-notifications/index.html]
[medes.modulemedia.co.uk/investor-centre/events-listing/index.html]
[medes.modulemedia.co.uk/assets/images/4_Investor Centre_Landing/Audited_Financials_Banner.jpg]
[medes.modulemedia.co.uk/investor-centre/audited-financials/index.html]
[medes.modulemedia.co.uk/investor-centre/news-reg-filings/index.html]
[medes.modulemedia.co.uk/investor-centre/investment-management-report/index.html]
[medes.modulemedia.co.uk/investor-centre/corporate-documents/index.html]
[medes.modulemedia.co.uk/images/loader.html]
[medes.modulemedia.co.uk/images/left.html]
[medes.modulemedia.co.uk/images/right.html]
[medes.modulemedia.co.uk/images/close.html]
[medes.modulemedia.co.uk/images/fullscreen.html]
[medes.modulemedia.co.uk/PIE.html]
[medes.modulemedia.co.uk/fonts/GT-Walsheim-Pro-Medium.eot]
[medes.modulemedia.co.uk/fonts/GT-Walsheim-Pro-Medium.woff]
[medes.modulemedia.co.uk/fonts/GT-Walsheim-Pro-Mediumd41d.eot]
[medes.modulemedia.co.uk/fonts/GT-Walsheim-Pro-Medium.ttf]
[medes.modulemedia.co.uk/fonts/GTWalsheimPro.eot]
[medes.modulemedia.co.uk/fonts/GTWalsheimProd41d.eot]
[medes.modulemedia.co.uk/fonts/GTWalsheimPro.woff]
[medes.modulemedia.co.uk/fonts/GTWalsheimPro.ttf]
[medes.modulemedia.co.uk/fonts/gt.css]
[medes.modulemedia.co.uk/fonts/gt-haptik-medium-webfont.eot]
[medes.modulemedia.co.uk/fonts/gt-haptik-medium-webfontd41d.eot]
[medes.modulemedia.co.uk/fonts/gt-haptik-medium-webfont.woff]
[medes.modulemedia.co.uk/fonts/gt-haptik-medium-webfont.ttf]
[medes.modulemedia.co.uk/fonts/gt-haptik-regular-webfont.eot]
[medes.modulemedia.co.uk/fonts/gt-haptik-regular-webfont.woff]
[medes.modulemedia.co.uk/fonts/gt-haptik-regular-webfontd41d.eot]
[medes.modulemedia.co.uk/fonts/gt-haptik-regular-webfont.ttf]
[medes.modulemedia.co.uk/fonts/gt-haptik.css]
[medes.modulemedia.co.uk/assets/images/next.html]
[medes.modulemedia.co.uk/assets/images/prev.html]
[medes.modulemedia.co.uk/assets/cms/module-icon.html]
[medes.modulemedia.co.uk/assets/images/services/iconserviceintrotickx3.html]
[medes.modulemedia.co.uk/assets/images/2.0/icons-resources.html]
[medes.modulemedia.co.uk/images/buttons/arrow_left_off.html]
[medes.modulemedia.co.uk/images/buttons/arrow_right_off.html]
[medes.modulemedia.co.uk/app_themes/home/images/btn_pause.html]
[medes.modulemedia.co.uk/images/buttons/arrow_left_on.html]
[medes.modulemedia.co.uk/images/buttons/arrow_right_on.html]
[medes.modulemedia.co.uk/assets/images/home/002_Image_Register.html]
[medes.modulemedia.co.uk/assets/images/icon-tw.html]
[medes.modulemedia.co.uk/assets/images/home/icon2searchx3.html]
[medes.modulemedia.co.uk/images/icon-tick.html]
[medes.modulemedia.co.uk/images/icon-users.html]
[medes.modulemedia.co.uk/images/icon-arrow.html]
[medes.modulemedia.co.uk/images/icon-calendar.html]
[medes.modulemedia.co.uk/images/icon-news.html]
[medes.modulemedia.co.uk/assets/images/study/greybk.html]
[medes.modulemedia.co.uk/assets/images/product/icon-option-studytext.html]
[medes.modulemedia.co.uk/assets/images/product/icon-option-examkit.html]
[medes.modulemedia.co.uk/assets/images/product/icon-option-studytext-up.html]
[medes.modulemedia.co.uk/assets/images/product/icon-option-examkit-up.html]
[medes.modulemedia.co.uk/images/searchBgHome.html]
[medes.modulemedia.co.uk/images/tick.html]
[medes.modulemedia.co.uk/images/bullets/yellow.html]
[medes.modulemedia.co.uk/images/bullets/orange.html]
[medes.modulemedia.co.uk/images/bullets/black.html]
[medes.modulemedia.co.uk/images/photo-off.html]
[medes.modulemedia.co.uk/images/photo-on.html]
[medes.modulemedia.co.uk/images/name-off.html]
[medes.modulemedia.co.uk/images/name-on.html]
[medes.modulemedia.co.uk/app_themes/propertysearch/images/propcontacts-off.html]
[medes.modulemedia.co.uk/images/blueFeat.html]
[medes.modulemedia.co.uk/images/turqFeat.html]
[medes.modulemedia.co.uk/assets/images/Study-Materials_Basket-Modal_How-Do-I-Read-My-Ebook.html]
[medes.modulemedia.co.uk/assets/images/Facebook-Icon-Retina.html]
[medes.modulemedia.co.uk/assets/images/twitter-Icon-Retina.html]
[medes.modulemedia.co.uk/assets/images/google-plus-Icon-Retina.html]
[medes.modulemedia.co.uk/assets/images/home/icon2findoutmorex3.html]
[medes.modulemedia.co.uk/images/cookie-logo.html]
[medes.modulemedia.co.uk/assets/images/home/003_Image_Audio_Recorded_CTA.html]
[medes.modulemedia.co.uk/assets/images/oureffortsright.html]
[medes.modulemedia.co.uk/assets/images/rest_of_images/14_Our-Services_CPD-Training-CTA.html]
[medes.modulemedia.co.uk/assets/images/icon-more.html]
[medes.modulemedia.co.uk/assets/images/our_courses/image-spotlight.html]
[medes.modulemedia.co.uk/assets/images/studylandingrightimage.html]
[medes.modulemedia.co.uk/assets/images/study/icon-studytext.html]
[medes.modulemedia.co.uk/assets/images/study/icon-examkit.html]
[medes.modulemedia.co.uk/assets/images/study/icon-guidebook.html]
[medes.modulemedia.co.uk/assets/images/home/dotted-vertical.html]
[medes.modulemedia.co.uk/assets/images/home/dotted-horizontal.html]
[medes.modulemedia.co.uk/images/bullets/line.html]
[medes.modulemedia.co.uk/assets/images/tiles/greywithlines.html]
[medes.modulemedia.co.uk/Images/Logo.svg]
[medes.modulemedia.co.uk/assets/images/home/home-feature3.html]
[medes.modulemedia.co.uk/assets/images/tiles/csimg_shadow.html]
[medes.modulemedia.co.uk/assets/images/sectors/Orange_Divider_Corner2.html]
[medes.modulemedia.co.uk/assets/images/sectors/Texture_Background.html]
[medes.modulemedia.co.uk/assets/images/sectors/Orange_Divider_Corner.html]
[medes.modulemedia.co.uk/assets/images/sectors/Orange_Divider_Vertical.html]
[medes.modulemedia.co.uk/Styles/images/animated-overlay.html]
[medes.modulemedia.co.uk/Styles/images/ui-bg_spotlight_0_2c3e50_600x600.html]
[medes.modulemedia.co.uk/Styles/images/ui-bg_fine-grain_0_1ABC9C_60x60.png]
[medes.modulemedia.co.uk/Styles/images/ui-icons_222222_256x240.html]
[medes.modulemedia.co.uk/Styles/images/ui-icons_3572ac_256x240.html]
[medes.modulemedia.co.uk/Styles/images/ui-bg_diagonal-maze_0_16A085_10x10.html]
[medes.modulemedia.co.uk/Styles/images/ui-bg_diagonal-maze_0_000000_10x10.html]
[medes.modulemedia.co.uk/styles/images/ui-anim_basic_16x16.html]
[medes.modulemedia.co.uk/scripts/colorbox/example5/images/controls.html]
[medes.modulemedia.co.uk/scripts/colorbox/example5/images/border.html]
[medes.modulemedia.co.uk/scripts/colorbox/example5/images/loading_background.html]
[medes.modulemedia.co.uk/scripts/colorbox/example5/images/loading.html]
[medes.modulemedia.co.uk/images/alpha.html]
[medes.modulemedia.co.uk/images/buttons/prop_arrow_left.html]
[medes.modulemedia.co.uk/images/buttons/prop_arrow_right.html]
[medes.modulemedia.co.uk/scripts/chosen-sprite@2x.html]
[medes.modulemedia.co.uk/scripts/bxslider/images/controls.html]
[medes.modulemedia.co.uk/scripts/ssk/fonts/social-share-kit.html]
[medes.modulemedia.co.uk/POST.html]
[medes.modulemedia.co.uk/Firefox/index.html]
[medes.modulemedia.co.uk/AppleWebKit/index.html]
[medes.modulemedia.co.uk/Opera/index.html]
[medes.modulemedia.co.uk/MicrosoftAjaxWebForms.html]
[medes.modulemedia.co.uk/MicrosoftAjaxSerialization.html]
[medes.modulemedia.co.uk/MicrosoftAjaxNetwork.html]
[medes.modulemedia.co.uk/about-us/www.modulemedia.co.html]
[medes.modulemedia.co.uk/contact/+442072551005.html]
[medes.modulemedia.co.uk/contact/+442079001680.html]
[medes.modulemedia.co.uk/contact/www.modulemedia.co.html]
[medes.modulemedia.co.uk/GDPtoPositive.js]
[medes.modulemedia.co.uk/DebtToGDP.js]
[medes.modulemedia.co.uk/Inflation.js]
[medes.modulemedia.co.uk/InterbankInterestRates.js]
[medes.modulemedia.co.uk/assets/images/2.3.1_About_Investing in Iran_Macro Dynamics/Macro_Dynamics_Banner.jpg]
[medes.modulemedia.co.uk/about-us/investing-in-iran/macro-dynamics/index.html]
[medes.modulemedia.co.uk/Tehran.js]
[medes.modulemedia.co.uk/MSCI.js]
[medes.modulemedia.co.uk/Resilient.js]
[medes.modulemedia.co.uk/IranEquity.js]
[medes.modulemedia.co.uk/assets/images/2.3.2_About_Investing in Iran_Capital Markets/Cap_Markets_Banner.jpg]
[medes.modulemedia.co.uk/about-us/investing-in-iran/irans-capital-markets/index.html]
[medes.modulemedia.co.uk/assets/images/2.3_About_Investing in Iran/Investing_In_Iran_Recent_Devlopments_Banner.jpg]
[medes.modulemedia.co.uk/about-us/investing-in-iran/recent-developments/index.html]
[medes.modulemedia.co.uk/about-us/investing-in-iran/www.modulemedia.co.html]
[medes.modulemedia.co.uk/investment-strategy/www.modulemedia.co.html]
[medes.modulemedia.co.uk/investor-centre/www.modulemedia.co.html]
[medes.modulemedia.co.uk/contact.html]
[medes.modulemedia.co.uk/about-us/board/www.modulemedia.co.html]
[medes.modulemedia.co.uk/about-us/investment-team/www.modulemedia.co.html]
[medes.modulemedia.co.uk/investment-strategy/investment-principles/www.modulemedia.co.html]
[medes.modulemedia.co.uk/investment-strategy/investment-process-sanctions/www.modulemedia.co.html]
[medes.modulemedia.co.uk/investment-strategy/credit-and-special-situations/www.zoodel.com/en.html]
[medes.modulemedia.co.uk/investment-strategy/credit-and-special-situations/www.hammahaleh.html]
[medes.modulemedia.co.uk/investment-strategy/credit-and-special-situations/www.orientstay.com/en.html]
[medes.modulemedia.co.uk/investment-strategy/credit-and-special-situations/www.modulemedia.co.html]
[medes.modulemedia.co.uk/investment-strategy/dividend-policy/www.modulemedia.co.html]
[medes.modulemedia.co.uk/investor-centre/company-notifications/qw.html]
[medes.modulemedia.co.uk/investor-centre/company-notifications/www.modulemedia.co.html]
[medes.modulemedia.co.uk/investor-centre/events-listing/www.modulemedia.co.html]
[medes.modulemedia.co.uk/investor-centre/audited-financials/www.modulemedia.co.html]
[medes.modulemedia.co.uk/investor-centre/news-reg-filings/www.modulemedia.co.html]
[medes.modulemedia.co.uk/investor-centre/investment-management-report/www.modulemedia.co.html]
[medes.modulemedia.co.uk/investor-centre/corporate-documents/www.modulemedia.co.html]
[medes.modulemedia.co.uk/fonts/GT-Walsheim-Pro-Medium.html]
[medes.modulemedia.co.uk/fonts/GTWalsheimPro.html]
[medes.modulemedia.co.uk/fonts/GTWalsheimPro-2.html]
[medes.modulemedia.co.uk/about-us/investing-in-iran/macro-dynamics/www.modulemedia.co.html]
[medes.modulemedia.co.uk/about-us/investing-in-iran/irans-capital-markets/www.modulemedia.co.html]
[medes.modulemedia.co.uk/about-us/investing-in-iran/recent-developments/www.modulemedia.co.html]
[medes.modulemedia.co.uk/+442072551005.html]
[medes.modulemedia.co.uk/+442079001680.html]
