[zinnia.modulemedia.co.uk/index.html]
[backblue.gif]
[fade.gif]
[index.html]
[zinnia.modulemedia.co.uk/assets/files/Home/Home_Page_Feature_Image.jpg]
[zinnia.modulemedia.co.uk/apple-icon-57x57.png]
[zinnia.modulemedia.co.uk/apple-icon-60x60.png]
[zinnia.modulemedia.co.uk/apple-icon-72x72.png]
[zinnia.modulemedia.co.uk/apple-icon-76x76.png]
[zinnia.modulemedia.co.uk/apple-icon-114x114.png]
[zinnia.modulemedia.co.uk/apple-icon-120x120.png]
[zinnia.modulemedia.co.uk/apple-icon-144x144.png]
[zinnia.modulemedia.co.uk/apple-icon-152x152.png]
[zinnia.modulemedia.co.uk/apple-icon-180x180.png]
[zinnia.modulemedia.co.uk/android-icon-192x192.png]
[zinnia.modulemedia.co.uk/favicon-32x32.png]
[zinnia.modulemedia.co.uk/favicon-96x96.png]
[zinnia.modulemedia.co.uk/favicon-16x16.png]
[zinnia.modulemedia.co.uk/fonts/gotham/592491/D0D3272BE0CE65FD8.css]
[use.typekit.net/bdk0rjw.js]
[zinnia.modulemedia.co.uk/Styles/menusub.css]
[zinnia.modulemedia.co.uk/Styles/site.css]
[zinnia.modulemedia.co.uk/Styles/boxes.css]
[zinnia.modulemedia.co.uk/Styles/custom.css]
[zinnia.modulemedia.co.uk/Styles/mobile.css]
[zinnia.modulemedia.co.uk/scripts/chocolat.css]
[zinnia.modulemedia.co.uk/Styles/jquery-ui-1.10.3.flat.css]
[zinnia.modulemedia.co.uk/styles/searchbox.css]
[zinnia.modulemedia.co.uk/styles/tablet.css]
[zinnia.modulemedia.co.uk/scripts/colorbox/example5/colorbox.css]
[zinnia.modulemedia.co.uk/styles/slider.css]
[zinnia.modulemedia.co.uk/scripts/chosen.min.css]
[zinnia.modulemedia.co.uk/scripts/sidr/stylesheets/jquery.sidr.dark.css]
[zinnia.modulemedia.co.uk/scripts/bxslider/jquery.bxslider.css]
[zinnia.modulemedia.co.uk/scripts/sortable-master/Sortable.js]
[zinnia.modulemedia.co.uk/scripts/jquery.chocolat.min.js]
[zinnia.modulemedia.co.uk/scripts/jquery-migrate-1.4.1.min.js]
[zinnia.modulemedia.co.uk/scripts/jquery.scrollTo-1.4.2-min.js]
[zinnia.modulemedia.co.uk/scripts/jquery.localscroll-1.2.7-min.js]
[zinnia.modulemedia.co.uk/scripts/jquery-2.1.4.min.js]
[zinnia.modulemedia.co.uk/scripts/jquery-ui-timepicker-addon.js]
[zinnia.modulemedia.co.uk/scripts/zebra/zebra_tooltips.js]
[zinnia.modulemedia.co.uk/jquery.formdefaults.js]
[zinnia.modulemedia.co.uk/scripts/ecommerce.js]
[zinnia.modulemedia.co.uk/scripts/chosen.jquery.min.js]
[zinnia.modulemedia.co.uk/JScript.js]
[zinnia.modulemedia.co.uk/scripts/easySlider1.8.js]
[zinnia.modulemedia.co.uk/scripts/tweetie.min.js]
[zinnia.modulemedia.co.uk/scripts/bxslider/jquery.bxslider.min.js]
[zinnia.modulemedia.co.uk/scripts/jquery.easytabs.min.js]
[zinnia.modulemedia.co.uk/scripts/sidr/jquery.sidr.min.js]
[zinnia.modulemedia.co.uk/scripts/jquery-ui-1.11.4.min.js]
[zinnia.modulemedia.co.uk/scripts/css/basic.css]
[zinnia.modulemedia.co.uk/favicon.ico]
[zinnia.modulemedia.co.uk/scripts/dropzone.js]
[zinnia.modulemedia.co.uk/WebResource937d.js]
[zinnia.modulemedia.co.uk/ScriptResource9a79.js]
[zinnia.modulemedia.co.uk/ScriptResource18de.js]
[zinnia.modulemedia.co.uk/ScriptResource44b0.js]
[zinnia.modulemedia.co.uk/account/login.html]
[zinnia.modulemedia.co.uk/WebResource55e5.gif]
[zinnia.modulemedia.co.uk/assets/files/OurServices/Leadership_Coaching_Image.jpg]
[zinnia.modulemedia.co.uk/assets/files/Leadership_Coaching_Icon.png]
[zinnia.modulemedia.co.uk/who-we-are/index.html]
[zinnia.modulemedia.co.uk/Images/Our_Services/Go_Arrow_White.png]
[zinnia.modulemedia.co.uk/who-we-work-for/index.html]
[zinnia.modulemedia.co.uk/our-services/index.html]
[zinnia.modulemedia.co.uk/case-studies/index.html]
[zinnia.modulemedia.co.uk/assets/files/OurServices/Mentoring_Image.jpg]
[zinnia.modulemedia.co.uk/resources/index.html]
[zinnia.modulemedia.co.uk/assets/files/Mentoring_Icon.png]
[zinnia.modulemedia.co.uk/get-in-touch/index.html]
[zinnia.modulemedia.co.uk/assets/files/OurServices/Top_Team_Image.jpg]
[zinnia.modulemedia.co.uk/our-services/leader-coaching/index.html]
[zinnia.modulemedia.co.uk/our-services/mentoring/index.html]
[zinnia.modulemedia.co.uk/assets/files/Top_Team_Icon.png]
[zinnia.modulemedia.co.uk/our-services/top-team/index.html]
[zinnia.modulemedia.co.uk/assets/files/OurServices/Talent_Image.jpg]
[zinnia.modulemedia.co.uk/our-services/talent/index.html]
[zinnia.modulemedia.co.uk/assets/files/Talent_Icon.png]
[zinnia.modulemedia.co.uk/assets/files/Home/How_We_Can_Help_Background_Container.jpg]
[zinnia.modulemedia.co.uk/Images/Home/Go_Arrow.png]
[zinnia.modulemedia.co.uk/Images/Home/Flow_Arrow.png]
[zinnia.modulemedia.co.uk/Images/Case_Studies_Details/Back_Arrow.png]
[zinnia.modulemedia.co.uk/Images/Home/BBC_logo_Grayscale.png]
[zinnia.modulemedia.co.uk/case-studies/santander-a-series-of-communicating-with-impact-workshops/index.html]
[zinnia.modulemedia.co.uk/Images/Home/Interbrand_logo_Grayscale.png]
[zinnia.modulemedia.co.uk/case-studies/creative-agency/index.html]
[zinnia.modulemedia.co.uk/Images/Home/Lambeth_logo_Grayscale.png]
[zinnia.modulemedia.co.uk/case-studies/tech-company/index.html]
[zinnia.modulemedia.co.uk/Images/Home/Viacom_logo_Grayscale.png]
[zinnia.modulemedia.co.uk/case-studies/higher-education/index.html]
[zinnia.modulemedia.co.uk/Images/Home/santander-logo_Grayscale.png]
[zinnia.modulemedia.co.uk/Images/Home/Cabinet_Office_logo_Grayscale.png]
[zinnia.modulemedia.co.uk/Images/Home/Ogilvy_and_Mather_logo_Grayscale.png]
[zinnia.modulemedia.co.uk/Images/Home/BAE_SYSTEMS_logo_Grayscale.png]
[zinnia.modulemedia.co.uk/Images/Home/Travelex_logo_Grayscale.png]
[zinnia.modulemedia.co.uk/Images/Home/Golden_Wonder_logo_Grayscale.png]
[zinnia.modulemedia.co.uk/Images/Home/Aberdeen_logo_Grayscale.png]
[zinnia.modulemedia.co.uk/Images/Home/University_of_StAndrews_logo_Grayscale.png]
[zinnia.modulemedia.co.uk/Images/Home/UNIQLO_logo_Grayscale.png]
[zinnia.modulemedia.co.uk/Images/Home/channel_4_logo_Grayscale.png]
[zinnia.modulemedia.co.uk/Images/Footer/Module_Logo.png]
[zinnia.modulemedia.co.uk/Images/Footer/LinkedIn_Icon.png]
[zinnia.modulemedia.co.uk/Images/Footer/Twitter_Icon.png]
[zinnia.modulemedia.co.uk/privacy-policy/index.html]
[zinnia.modulemedia.co.uk/Images/Footer/Facebook_Icon.png]
[zinnia.modulemedia.co.uk/index.html]
[zinnia.modulemedia.co.uk/manifest.html]
[zinnia.modulemedia.co.uk/fonts/gotham/592491/D0D3272BE0CE65FD8.css]
[zinnia.modulemedia.co.uk/Images/Menu_Icon.png]
[zinnia.modulemedia.co.uk/cookie-policy/index.html]
[zinnia.modulemedia.co.uk/terms-conditions/index.html]
[zinnia.modulemedia.co.uk/Images/Menu_Close_Icon.png]
[zinnia.modulemedia.co.uk/Images/Home/Search_Icon.png]
[zinnia.modulemedia.co.uk/PIE.htc]
[zinnia.modulemedia.co.uk/Styles/menusub.css]
[zinnia.modulemedia.co.uk/assets/cms/Module-Logo.png]
[zinnia.modulemedia.co.uk/assets/cms/module-icon.png]
[zinnia.modulemedia.co.uk/Images/Home/Background_Line.png]
[zinnia.modulemedia.co.uk/images/icon-tick.png]
[zinnia.modulemedia.co.uk/images/icon-users.png]
[zinnia.modulemedia.co.uk/images/icon-arrow.png]
[zinnia.modulemedia.co.uk/images/icon-calendar.png]
[zinnia.modulemedia.co.uk/images/icon-news.png]
[zinnia.modulemedia.co.uk/images/tick.png]
[zinnia.modulemedia.co.uk/images/bullets/yellow.gif]
[zinnia.modulemedia.co.uk/images/bullets/orange.gif]
[zinnia.modulemedia.co.uk/images/bullets/black.gif]
[zinnia.modulemedia.co.uk/images/name-off.gif]
[zinnia.modulemedia.co.uk/images/name-on.gif]
[zinnia.modulemedia.co.uk/images/cookie-logo.png]
[zinnia.modulemedia.co.uk/assets/cms/icon-properties.png]
[zinnia.modulemedia.co.uk/assets/cms/icon-properties-up.png]
[zinnia.modulemedia.co.uk/assets/cms/icon-addpage.png]
[zinnia.modulemedia.co.uk/assets/cms/icon-addpage-up.png]
[zinnia.modulemedia.co.uk/assets/cms/icon-savepage.png]
[zinnia.modulemedia.co.uk/assets/cms/icon-savepage-up.png]
[zinnia.modulemedia.co.uk/assets/cms/icon-copypage.png]
[zinnia.modulemedia.co.uk/assets/cms/icon-copypage-up.png]
[zinnia.modulemedia.co.uk/assets/cms/icon-sitestructure.png]
[zinnia.modulemedia.co.uk/assets/cms/icon-sitestructure-up.png]
[zinnia.modulemedia.co.uk/assets/cms/icon-filemanager.png]
[zinnia.modulemedia.co.uk/assets/cms/icon-filemanager-up.png]
[zinnia.modulemedia.co.uk/assets/cms/icon-cmsoff.png]
[zinnia.modulemedia.co.uk/assets/cms/icon-cmsoff-up.png]
[zinnia.modulemedia.co.uk/assets/cms/icon-logout.png]
[zinnia.modulemedia.co.uk/assets/cms/icon-logout-up.png]
[zinnia.modulemedia.co.uk/Styles/site.css]
[zinnia.modulemedia.co.uk/Images/Our_Services/Leader_Coaching/Grey_Divider_Arrow.png]
[zinnia.modulemedia.co.uk/Images/WhoWeAre/Icon_Phone.png]
[zinnia.modulemedia.co.uk/Images/WhoWeAre/Icon_Email.png]
[zinnia.modulemedia.co.uk/Images/WhoWeAre/Icon_Address.png]
[zinnia.modulemedia.co.uk/Images/Home/Texture_Overlay.png]
[zinnia.modulemedia.co.uk/images/bullets/line.png]
[zinnia.modulemedia.co.uk/Styles/boxes.css]
[zinnia.modulemedia.co.uk/Images/Home/Zinnia_Logo.png]
[zinnia.modulemedia.co.uk/Images/textarea.jpg]
[zinnia.modulemedia.co.uk/next.png]
[zinnia.modulemedia.co.uk/prev.png]
[zinnia.modulemedia.co.uk/Styles/custom.css]
[zinnia.modulemedia.co.uk/Styles/mobile.css]
[zinnia.modulemedia.co.uk/Styles/subtheme1.html]
[zinnia.modulemedia.co.uk/images/loader.gif]
[zinnia.modulemedia.co.uk/images/left.png]
[zinnia.modulemedia.co.uk/images/right.png]
[zinnia.modulemedia.co.uk/images/close.png]
[zinnia.modulemedia.co.uk/images/fullscreen.png]
[zinnia.modulemedia.co.uk/scripts/chocolat.css]
[zinnia.modulemedia.co.uk/Styles/images/animated-overlay.gif]
[zinnia.modulemedia.co.uk/Styles/images/ui-bg_spotlight_0_2c3e50_600x600.png]
[zinnia.modulemedia.co.uk/Styles/images/ui-bg_fine-grain_0_2c3e50_60x60.png]
[zinnia.modulemedia.co.uk/Styles/images/ui-bg_fine-grain_0_1ABC9C_60x60.png]
[zinnia.modulemedia.co.uk/Styles/images/ui-icons_222222_256x240.png]
[zinnia.modulemedia.co.uk/Styles/images/ui-icons_2C3E50_256x240.png]
[zinnia.modulemedia.co.uk/Styles/images/ui-icons_ffffff_256x240.png]
[zinnia.modulemedia.co.uk/Styles/images/ui-icons_3572ac_256x240.png]
[zinnia.modulemedia.co.uk/Styles/images/ui-bg_diagonal-maze_0_16A085_10x10.png]
[zinnia.modulemedia.co.uk/Styles/images/ui-bg_diagonal-maze_0_000000_10x10.png]
[zinnia.modulemedia.co.uk/Styles/jquery-ui-1.10.3.flat.css]
[zinnia.modulemedia.co.uk/styles/searchbox.css]
[zinnia.modulemedia.co.uk/scripts/sidr/stylesheets/custom.css]
[zinnia.modulemedia.co.uk/styles/tablet.css]
[zinnia.modulemedia.co.uk/scripts/colorbox/example5/images/controls.png]
[zinnia.modulemedia.co.uk/scripts/colorbox/example5/images/border.png]
[zinnia.modulemedia.co.uk/scripts/colorbox/example5/images/loading_background.png]
[zinnia.modulemedia.co.uk/scripts/colorbox/example5/images/loading.gif]
[zinnia.modulemedia.co.uk/scripts/colorbox/example5/colorbox.css]
[zinnia.modulemedia.co.uk/images/alpha.png]
[zinnia.modulemedia.co.uk/styles/slider.css]
[zinnia.modulemedia.co.uk/scripts/chosen-sprite.png]
[zinnia.modulemedia.co.uk/scripts/chosen.min.css]
[zinnia.modulemedia.co.uk/scripts/chosen-sprite@2x.png]
[zinnia.modulemedia.co.uk/scripts/sidr/stylesheets/jquery.sidr.dark.css]
[zinnia.modulemedia.co.uk/scripts/bxslider/images/bx_loader.gif]
[zinnia.modulemedia.co.uk/scripts/bxslider/images/controls.png]
[zinnia.modulemedia.co.uk/scripts/bxslider/jquery.bxslider.css]
[zinnia.modulemedia.co.uk/scripts/css/basic.css]
[zinnia.modulemedia.co.uk/WebResource937d.js]
[zinnia.modulemedia.co.uk/ScriptResource9a79.js]
[zinnia.modulemedia.co.uk/ScriptResource18de.js]
[zinnia.modulemedia.co.uk/ScriptResource44b0.js]
[zinnia.modulemedia.co.uk/styles/site-2.css]
[zinnia.modulemedia.co.uk/styles/boxes-2.css]
[zinnia.modulemedia.co.uk/styles/mobile-2.css]
[zinnia.modulemedia.co.uk/WebResourced611.js]
[zinnia.modulemedia.co.uk/WebResourceede6.js]
[zinnia.modulemedia.co.uk/account/Register6f8a.html]
[zinnia.modulemedia.co.uk/account/register.html]
[zinnia.modulemedia.co.uk/account/login.html]
[zinnia.modulemedia.co.uk/account/login69d0.html]
[zinnia.modulemedia.co.uk/client-area/index.html]
[zinnia.modulemedia.co.uk/assets/files/WhoWeAre/Who_We_Are_Feature_Image.jpg]
[zinnia.modulemedia.co.uk/Styles/subtheme3.css]
[zinnia.modulemedia.co.uk/assets/files/Leader Coaching/Cercle_Large.png]
[zinnia.modulemedia.co.uk/assets/files/WhoWeAre/Who_We_Are_Image.jpg]
[zinnia.modulemedia.co.uk/assets/files/WhoWeAre/Our_Experience_Image.jpg]
[zinnia.modulemedia.co.uk/who-we-are/index.html]
[zinnia.modulemedia.co.uk/assets/files/OurServices/Our_Services_Landing_Feature_Image.jpg]
[zinnia.modulemedia.co.uk/our-services/index.html]
[zinnia.modulemedia.co.uk/assets/files/CaseStudies/Case_Studies_Landing_Feature_Image.jpg]
[zinnia.modulemedia.co.uk/case-studies/index.html]
[zinnia.modulemedia.co.uk/case-studies/public-sector/index.html]
[zinnia.modulemedia.co.uk/assets/files/Who_We_Work_For_Feature_Image.jpg]
[zinnia.modulemedia.co.uk/Images/WhoWeWorkFor/BBC_logo.png]
[zinnia.modulemedia.co.uk/Images/WhoWeWorkFor/Interbrand_logo.png]
[zinnia.modulemedia.co.uk/Images/WhoWeWorkFor/Lambeth_logo.png]
[zinnia.modulemedia.co.uk/Images/WhoWeWorkFor/Viacom_logo.png]
[zinnia.modulemedia.co.uk/Images/WhoWeWorkFor/channel_4_logo.png]
[zinnia.modulemedia.co.uk/Images/WhoWeWorkFor/Halifax_logo.png]
[zinnia.modulemedia.co.uk/Images/WhoWeWorkFor/UNIQLO_logo.png]
[zinnia.modulemedia.co.uk/Images/WhoWeWorkFor/santander-logo.png]
[zinnia.modulemedia.co.uk/Images/WhoWeWorkFor/University_of_stAndrews_logo.png]
[zinnia.modulemedia.co.uk/Images/WhoWeWorkFor/Aberdeen_logo.png]
[zinnia.modulemedia.co.uk/Images/WhoWeWorkFor/Nottingham_Trent_University_logo.png]
[zinnia.modulemedia.co.uk/Images/WhoWeWorkFor/Edinburh_Napier_University_logo.png]
[zinnia.modulemedia.co.uk/Images/WhoWeWorkFor/University_of_Greenwich_logo.png]
[zinnia.modulemedia.co.uk/Images/WhoWeWorkFor/Southampton_CC_logo.png]
[zinnia.modulemedia.co.uk/Images/WhoWeWorkFor/Cabinet_Office_logo.png]
[zinnia.modulemedia.co.uk/Images/WhoWeWorkFor/Brainstrust_logo.png]
[zinnia.modulemedia.co.uk/Images/WhoWeWorkFor/Stormbrands_logo.png]
[zinnia.modulemedia.co.uk/Images/WhoWeWorkFor/Elmwood_logo.png]
[zinnia.modulemedia.co.uk/Images/WhoWeWorkFor/Ogilvy_and_Mather_logo.png]
[zinnia.modulemedia.co.uk/Images/WhoWeWorkFor/Geometry_Global_logo.png]
[zinnia.modulemedia.co.uk/Images/WhoWeWorkFor/Radley_Yeldar_logo.png]
[zinnia.modulemedia.co.uk/Images/WhoWeWorkFor/Golden_Wonder_logo.png]
[zinnia.modulemedia.co.uk/Images/WhoWeWorkFor/BAE_SYSTEMS_logo.png]
[zinnia.modulemedia.co.uk/Images/WhoWeWorkFor/Travelex_logo.png]
[zinnia.modulemedia.co.uk/Images/WhoWeWorkFor/Time_Inc_logo.png]
[zinnia.modulemedia.co.uk/Images/WhoWeWorkFor/Newsquest_logo.png]
[zinnia.modulemedia.co.uk/Images/WhoWeWorkFor/Unigate_logo.png]
[zinnia.modulemedia.co.uk/who-we-work-for/index.html]
[zinnia.modulemedia.co.uk/assets/files/Leader Coaching/Leader_Coaching_Feature_Image.jpg]
[zinnia.modulemedia.co.uk/assets/files/Twitter_Icon.png]
[zinnia.modulemedia.co.uk/assets/files/Background_Line.png]
[zinnia.modulemedia.co.uk/assets/files/Facebook_Icon.png]
[zinnia.modulemedia.co.uk/assets/files/LinkedIn_Icon.png]
[zinnia.modulemedia.co.uk/resources/index.html]
[zinnia.modulemedia.co.uk/assets/files/Get_in_Touch_Feature_Image.jpg]
[zinnia.modulemedia.co.uk/get-in-touch/index.html]
[zinnia.modulemedia.co.uk/assets/files/Resources/Ressources_Feature_Image.jpg]
[zinnia.modulemedia.co.uk/assets/files/Leader Coaching/Circle_Leadership_Coaching.png]
[zinnia.modulemedia.co.uk/assets/files/Leader Coaching/Image-1_Leadership_Coaching.jpg]
[zinnia.modulemedia.co.uk/assets/files/Leader Coaching/Image-2_Leadership_Coaching.jpg]
[zinnia.modulemedia.co.uk/assets/files/Leader Coaching/Image-3_Leadership_Coaching.jpg]
[zinnia.modulemedia.co.uk/assets/files/Leader Coaching/Divider_Orange_LC.jpg]
[zinnia.modulemedia.co.uk/our-services/leader-coaching/index.html]
[zinnia.modulemedia.co.uk/assets/files/Mentoring/Mentoring_Feature_Image.jpg]
[zinnia.modulemedia.co.uk/assets/files/Mentoring/Circle_ Mentoring.png]
[zinnia.modulemedia.co.uk/assets/files/Mentoring/Image-1_Mentoring.jpg]
[zinnia.modulemedia.co.uk/assets/files/Mentoring/Image-2_Mentoring.jpg]
[zinnia.modulemedia.co.uk/assets/files/Mentoring/Image-3_Mentoring.jpg]
[zinnia.modulemedia.co.uk/assets/files/Mentoring/Divider_Orange_M.jpg]
[zinnia.modulemedia.co.uk/our-services/mentoring/index.html]
[zinnia.modulemedia.co.uk/assets/files/Top Team/Top-Team_Feature_Image.jpg]
[zinnia.modulemedia.co.uk/assets/files/Top Team/Circle_Top_Team.png]
[zinnia.modulemedia.co.uk/assets/files/Top Team/Image-1_Top_team.jpg]
[zinnia.modulemedia.co.uk/assets/files/Top Team/Image-2_Top_team.jpg]
[zinnia.modulemedia.co.uk/assets/files/Top Team/Image-3_Top_team.jpg]
[zinnia.modulemedia.co.uk/assets/files/Top Team/Divider_Orange_TT.jpg]
[zinnia.modulemedia.co.uk/our-services/top-team/index.html]
[zinnia.modulemedia.co.uk/assets/files/Talent/Talent_Feature_Image.jpg]
[zinnia.modulemedia.co.uk/assets/files/Talent/Circle_Talent.png]
[zinnia.modulemedia.co.uk/assets/files/Talent/Image-1_Talent.jpg]
[zinnia.modulemedia.co.uk/assets/files/Talent/Image-2_Talent.jpg]
[zinnia.modulemedia.co.uk/assets/files/Talent/Image-3_Talent.jpg]
[zinnia.modulemedia.co.uk/assets/files/Talent/Divider_Orange_T.jpg]
[zinnia.modulemedia.co.uk/our-services/talent/index.html]
[zinnia.modulemedia.co.uk/assets/files/Leader Coaching/Placeholder_Image1.jpg]
[zinnia.modulemedia.co.uk/case-studies/santander-a-series-of-communicating-with-impact-workshops/index.html]
[zinnia.modulemedia.co.uk/case-studies/creative-agency/index.html]
[zinnia.modulemedia.co.uk/case-studies/tech-company/index.html]
[zinnia.modulemedia.co.uk/case-studies/higher-education/index.html]
[zinnia.modulemedia.co.uk/privacy-policy/index.html]
[zinnia.modulemedia.co.uk/cookie-policy/index.html]
[zinnia.modulemedia.co.uk/terms-conditions/index.html]
[zinnia.modulemedia.co.uk/assets/images/next.html]
[zinnia.modulemedia.co.uk/assets/images/prev.html]
[zinnia.modulemedia.co.uk/assets/images/services/iconserviceintrotickx3.html]
[zinnia.modulemedia.co.uk/assets/images/2.0/icons-resources.html]
[zinnia.modulemedia.co.uk/images/buttons/arrow_left_off.html]
[zinnia.modulemedia.co.uk/images/buttons/arrow_right_off.html]
[zinnia.modulemedia.co.uk/app_themes/home/images/btn_pause.html]
[zinnia.modulemedia.co.uk/images/buttons/arrow_left_on.html]
[zinnia.modulemedia.co.uk/images/buttons/arrow_right_on.html]
[zinnia.modulemedia.co.uk/assets/images/home/002_Image_Register.html]
[zinnia.modulemedia.co.uk/assets/images/icon-tw.html]
[zinnia.modulemedia.co.uk/assets/images/home/home-feature3.html]
[zinnia.modulemedia.co.uk/assets/images/home/icon2findoutmorex3.html]
[zinnia.modulemedia.co.uk/assets/images/home/iconorangetickx3.html]
[zinnia.modulemedia.co.uk/assets/images/study/greybk.html]
[zinnia.modulemedia.co.uk/assets/images/product/icon-option-studytext.html]
[zinnia.modulemedia.co.uk/assets/images/product/icon-option-examkit.html]
[zinnia.modulemedia.co.uk/assets/images/product/icon-option-studytext-up.html]
[zinnia.modulemedia.co.uk/assets/images/product/icon-option-examkit-up.html]
[zinnia.modulemedia.co.uk/images/searchBgHome.html]
[zinnia.modulemedia.co.uk/images/photo-off.html]
[zinnia.modulemedia.co.uk/images/photo-on.html]
[zinnia.modulemedia.co.uk/app_themes/propertysearch/images/propcontacts-off.html]
[zinnia.modulemedia.co.uk/assets/images/home/icon2searchx3.html]
[zinnia.modulemedia.co.uk/images/blueFeat.html]
[zinnia.modulemedia.co.uk/images/turqFeat.html]
[zinnia.modulemedia.co.uk/assets/images/Study-Materials_Basket-Modal_How-Do-I-Read-My-Ebook.html]
[zinnia.modulemedia.co.uk/assets/images/Facebook-Icon-Retina.html]
[zinnia.modulemedia.co.uk/assets/images/twitter-Icon-Retina.html]
[zinnia.modulemedia.co.uk/assets/images/google-plus-Icon-Retina.html]
[zinnia.modulemedia.co.uk/assets/images/home/003_Image_Audio_Recorded_CTA.html]
[zinnia.modulemedia.co.uk/assets/images/oureffortsright.html]
[zinnia.modulemedia.co.uk/assets/images/rest_of_images/14_Our-Services_CPD-Training-CTA.html]
[zinnia.modulemedia.co.uk/assets/images/icon-more.html]
[zinnia.modulemedia.co.uk/assets/images/our_courses/image-spotlight.html]
[zinnia.modulemedia.co.uk/assets/images/studylandingrightimage.html]
[zinnia.modulemedia.co.uk/assets/images/study/icon-studytext.html]
[zinnia.modulemedia.co.uk/assets/images/study/icon-examkit.html]
[zinnia.modulemedia.co.uk/assets/images/study/icon-guidebook.html]
[zinnia.modulemedia.co.uk/assets/images/home/dotted-vertical.html]
[zinnia.modulemedia.co.uk/assets/images/home/dotted-horizontal.html]
[zinnia.modulemedia.co.uk/images/buttons/prop_arrow_left.html]
[zinnia.modulemedia.co.uk/images/buttons/prop_arrow_right.html]
[zinnia.modulemedia.co.uk/POST.html]
[zinnia.modulemedia.co.uk/Firefox/index.html]
[zinnia.modulemedia.co.uk/AppleWebKit/index.html]
[zinnia.modulemedia.co.uk/Opera/index.html]
[zinnia.modulemedia.co.uk/MicrosoftAjaxWebForms.html]
[zinnia.modulemedia.co.uk/MicrosoftAjaxSerialization.html]
[zinnia.modulemedia.co.uk/MicrosoftAjaxNetwork.html]
[zinnia.modulemedia.co.uk/Styles/subtheme1.css/index.html]
[zinnia.modulemedia.co.uk/styles/site-2.css]
[zinnia.modulemedia.co.uk/styles/boxes-2.css]
[zinnia.modulemedia.co.uk/styles/mobile-2.css]
[zinnia.modulemedia.co.uk/WebResourced611.js]
[zinnia.modulemedia.co.uk/WebResourceede6.js]
[zinnia.modulemedia.co.uk/account/Register6f8a.html]
[zinnia.modulemedia.co.uk/account/register.html]
[zinnia.modulemedia.co.uk/account/Register6c57.html]
[zinnia.modulemedia.co.uk/account/login69d0.html]
[zinnia.modulemedia.co.uk/Images/WhoWeAre/Cercle_Large.png]
[zinnia.modulemedia.co.uk/Images/Our_Services/Leader_Coaching/Large_Icon_Leadership_Coaching.png]
[zinnia.modulemedia.co.uk/Images/Our_Services/Leader_Coaching/Large_Icon_Talent.png]
[zinnia.modulemedia.co.uk/Images/Our_Services/Leader_Coaching/Background_Cross_Icon.png]
[zinnia.modulemedia.co.uk/Images/Our_Services/Leader_Coaching/Background_Circle_Icon.png]
[zinnia.modulemedia.co.uk/Images/WhoWeAre/Texture_Image_Overlay.png]
[zinnia.modulemedia.co.uk/Styles/subtheme3.css]
[zinnia.modulemedia.co.uk/case-studies/public-sector/index.html]
[zinnia.modulemedia.co.uk/Styles/subtheme0.html]
[zinnia.modulemedia.co.uk/account/Register6c57.html]
[zinnia.modulemedia.co.uk/Styles/subtheme0.css/index.html]
