[www.thisissoho.co.uk/index.html]
[backblue.gif]
[fade.gif]
[index.html]
[www.thisissoho.co.uk/assets/images/home/Homepage Market Slider.jpg]
[www.thisissoho.co.uk/apple-icon-57x57.png]
[www.thisissoho.co.uk/apple-icon-60x60.png]
[www.thisissoho.co.uk/apple-icon-72x72.png]
[www.thisissoho.co.uk/apple-icon-76x76.png]
[www.thisissoho.co.uk/apple-icon-114x114.png]
[www.thisissoho.co.uk/apple-icon-120x120.png]
[www.thisissoho.co.uk/apple-icon-144x144.png]
[www.thisissoho.co.uk/apple-icon-152x152.png]
[www.thisissoho.co.uk/apple-icon-180x180.png]
[www.thisissoho.co.uk/android-icon-192x192.png]
[www.thisissoho.co.uk/favicon-32x32.png]
[www.thisissoho.co.uk/favicon-96x96.png]
[www.thisissoho.co.uk/favicon-16x16.png]
[www.thisissoho.co.uk/ms-icon-144x144.png]
[fast.fonts.net/cssapi/450b73cf-53cb-4b34-abf5-8466f7ee764f.css]
[www.thisissoho.co.uk/Styles/menusub.css]
[www.thisissoho.co.uk/Styles/site.css]
[www.thisissoho.co.uk/Styles/boxes.css]
[www.thisissoho.co.uk/Styles/jquery-ui-1.10.3.flat.css]
[www.thisissoho.co.uk/styles/searchbox.css]
[www.thisissoho.co.uk/scripts/sidr/stylesheets/custom.css]
[www.thisissoho.co.uk/styles/slider.css]
[www.thisissoho.co.uk/scripts/chosen.min.css]
[www.thisissoho.co.uk/scripts/sidr/stylesheets/jquery.sidr.dark.css]
[www.thisissoho.co.uk/scripts/bxslider/jquery.bxslider.css]
[www.thisissoho.co.uk/styles/fullwidth.css]
[www.thisissoho.co.uk/Styles/contentformat.css]
[www.thisissoho.co.uk/Styles/mobile.css]
[www.thisissoho.co.uk/styles/tablet.css]
[vjs.zencdn.net/5.9.2/video-js.css]
[www.thisissoho.co.uk/scripts/jquery-2.1.4.min.js]
[www.thisissoho.co.uk/scripts/jquery-migrate-1.2.1.min.js]
[www.thisissoho.co.uk/scripts/jquery-ui-1.11.4.min.js]
[www.thisissoho.co.uk/scripts/jquery-ui-timepicker-addon.js]
[www.thisissoho.co.uk/scripts/jquery.scrollTo.min.js]
[www.thisissoho.co.uk/scripts/jquery.formdefaults.js]
[www.thisissoho.co.uk/scripts/chosen.jquery.min.js]
[www.thisissoho.co.uk/JScript.js]
[www.thisissoho.co.uk/scripts/ecommerce.js]
[www.thisissoho.co.uk/scripts/easySlider1.8.js]
[www.thisissoho.co.uk/scripts/bxslider/jquery.bxslider.min.js]
[www.thisissoho.co.uk/scripts/jquery.easytabs.min.js]
[www.thisissoho.co.uk/scripts/sidr/jquery.sidr.min.js]
[platform-api.sharethis.com/js/sharethis.js]
[www.thisissoho.co.uk/scripts/gmap3.min.js]
[www.thisissoho.co.uk/WebResourcecbd4.js]
[www.thisissoho.co.uk/ScriptResource2eeb.js]
[www.thisissoho.co.uk/ScriptResource6841.js]
[www.thisissoho.co.uk/ScriptResourcecd52.js]
[www.thisissoho.co.uk/assets/images/icons/Search_Button_Orange.png]
[www.thisissoho.co.uk/assets/images/Logo.png]
[www.thisissoho.co.uk/WebResource3a57.gif]
[www.thisissoho.co.uk/assets/images/home/beat-of-soho-banner.jpg]
[www.thisissoho.co.uk/assets/images/stores/axel-arigato-thumb.jpg]
[www.thisissoho.co.uk/shopping/index.html]
[www.thisissoho.co.uk/shops/fashion-accessories/index.html]
[www.thisissoho.co.uk/about-us/index.html]
[www.thisissoho.co.uk/assets/images/stores/clarks_originals_thumb.jpg]
[www.thisissoho.co.uk/shops/music-vinyl/index.html]
[www.thisissoho.co.uk/shops/lifestyle/index.html]
[www.thisissoho.co.uk/shops/fabric-textiles/index.html]
[www.thisissoho.co.uk/assets/images/home/FootPatrol-thumbnail.jpg]
[www.thisissoho.co.uk/shops/beauty-grooming/index.html]
[www.thisissoho.co.uk/food-drink/index.html]
[www.thisissoho.co.uk/food-drink/restaurants/index.html]
[www.thisissoho.co.uk/assets/images/stores/underground_thumb.3f.delayed]
[www.thisissoho.co.uk/food-drink/cafes/index.html]
[www.thisissoho.co.uk/food-drink/bars/index.html]
[www.thisissoho.co.uk/food-drink/pubs/index.html]
[www.thisissoho.co.uk/news/index.html]
[www.thisissoho.co.uk/things-to-do/index.html]
[www.thisissoho.co.uk/newsletter/index.html]
[www.thisissoho.co.uk/assets/images/home/this-is-soho-sounds-other-homepage.jpg]
[www.thisissoho.co.uk/stores/axel-arigato/index.html]
[www.thisissoho.co.uk/stores/clarks-originals/index.html]
[www.thisissoho.co.uk/assets/images/home/soho-events-homepage-banner.jpg]
[www.thisissoho.co.uk/stores/footpatrol/index.html]
[www.thisissoho.co.uk/stores/underground/index.html]
[www.thisissoho.co.uk/assets/images/home/SOHO_things-to-do-banner.jpg]
[www.thisissoho.co.uk/assets/images/home/soho-homepage-cover01.jpg]
[www.thisissoho.co.uk/news/this-is-soho-sounds-vol-2-other-shop/index.html]
[www.thisissoho.co.uk/assets/images/home/food-drink-homepage.jpg]
[www.thisissoho.co.uk/news/soho-events-2018/index.html]
[www.thisissoho.co.uk/styles/checklist.css]
[www.thisissoho.co.uk/legals/index.html]
[www.thisissoho.co.uk/checklist.js]
[www.thisissoho.co.uk/pagejs.aspx]
[www.thisissoho.co.uk/assets/images/icons/footer/facebook.png]
[www.thisissoho.co.uk/how-to-get-here/index.html]
[www.thisissoho.co.uk/community/index.html]
[www.thisissoho.co.uk/contact/index.html]
[www.thisissoho.co.uk/history/index.html]
[www.thisissoho.co.uk/chinese/index.html]
[www.thisissoho.co.uk/assets/images/icons/footer/twitter.png]
[www.thisissoho.co.uk/assets/images/icons/footer/instagram.png]
[www.thisissoho.co.uk/assets/images/icons/footer/youtube.png]
[www.thisissoho.co.uk/assets/images/icons/Cookie_Policy_Close_Button.png]
[www.google-analytics.com/analytics.js]
[www.thisissoho.co.uk/index.html]
[www.thisissoho.co.uk/manifest.html]
[fast.fonts.net/cssapi/450b73cf-53cb-4b34-abf5-8466f7ee764f.css]
[www.thisissoho.co.uk/Styles/menusub.css]
[www.thisissoho.co.uk/PIE.htc]
[www.thisissoho.co.uk/fonts/fonts.css]
[vjs.zencdn.net/5.9.2/video.js]
[www.thisissoho.co.uk/assets/cms/Module-Logo.png]
[www.thisissoho.co.uk/assets/cms/module-icon.png]
[www.thisissoho.co.uk/assets/images/icons/Cross_Form_Orange.png]
[www.thisissoho.co.uk/assets/images/home/Down_Arrow_Icon.png]
[www.thisissoho.co.uk/assets/images/home/Scroll_To_Top_Icon.png]
[www.thisissoho.co.uk/assets/images/home/Scroll_To_Top_Icon_over.png]
[www.thisissoho.co.uk/assets/cms/icon-properties.png]
[www.thisissoho.co.uk/assets/cms/icon-properties-up.png]
[www.thisissoho.co.uk/assets/cms/icon-addpage.png]
[www.thisissoho.co.uk/assets/cms/icon-addpage-up.png]
[www.thisissoho.co.uk/assets/cms/icon-savepage.png]
[www.thisissoho.co.uk/assets/cms/icon-savepage-up.png]
[www.thisissoho.co.uk/assets/cms/icon-copypage.png]
[www.thisissoho.co.uk/assets/cms/icon-copypage-up.png]
[www.thisissoho.co.uk/assets/cms/icon-sitestructure.png]
[www.thisissoho.co.uk/assets/cms/icon-sitestructure-up.png]
[www.thisissoho.co.uk/assets/cms/icon-filemanager.png]
[www.thisissoho.co.uk/assets/cms/icon-filemanager-up.png]
[www.thisissoho.co.uk/assets/cms/icon-cmsoff.png]
[www.thisissoho.co.uk/assets/cms/icon-cmsoff-up.png]
[www.thisissoho.co.uk/assets/cms/icon-logout.png]
[www.thisissoho.co.uk/assets/cms/icon-logout-up.png]
[www.thisissoho.co.uk/Styles/site.css]
[www.thisissoho.co.uk/images/loading.gif]
[www.thisissoho.co.uk/assets/images/icons/Search_Close_Button.png]
[www.thisissoho.co.uk/assets/images/icons/Search_Close_Button_Hover.png]
[www.thisissoho.co.uk/assets/images/icons/Twitter_Icon.png]
[www.thisissoho.co.uk/assets/images/icons/Facebook_Icon_White.png]
[www.thisissoho.co.uk/assets/images/icons/Instagram_Icon_White.png]
[www.thisissoho.co.uk/assets/images/icons/Youtube_Icon_White.png]
[www.thisissoho.co.uk/assets/images/icons/Play_Button.png]
[www.thisissoho.co.uk/assets/images/icons/pause_Button.png]
[www.thisissoho.co.uk/assets/images/icons/Twitter_Storepage.png]
[www.thisissoho.co.uk/assets/images/icons/Facebook_Storepage.png]
[www.thisissoho.co.uk/assets/images/icons/Instagram_Storepage.png]
[www.thisissoho.co.uk/Styles/boxes.css]
[www.thisissoho.co.uk/Styles/images/animated-overlay.gif]
[www.thisissoho.co.uk/Styles/images/ui-bg_spotlight_0_2c3e50_600x600.png]
[www.thisissoho.co.uk/Styles/images/ui-bg_fine-grain_0_2c3e50_60x60.png]
[www.thisissoho.co.uk/Styles/images/ui-bg_fine-grain_0_1ABC9C_60x60.png]
[www.thisissoho.co.uk/Styles/images/ui-icons_222222_256x240.png]
[www.thisissoho.co.uk/Styles/images/ui-icons_2C3E50_256x240.png]
[www.thisissoho.co.uk/Styles/images/ui-icons_ffffff_256x240.png]
[www.thisissoho.co.uk/Styles/images/ui-icons_3572ac_256x240.png]
[www.thisissoho.co.uk/Styles/images/ui-bg_diagonal-maze_0_16A085_10x10.png]
[www.thisissoho.co.uk/Styles/images/ui-bg_diagonal-maze_0_000000_10x10.png]
[www.thisissoho.co.uk/Styles/jquery-ui-1.10.3.flat.css]
[www.thisissoho.co.uk/styles/images/ui-anim_basic_16x16.gif]
[www.thisissoho.co.uk/styles/searchbox.css]
[www.thisissoho.co.uk/scripts/sidr/stylesheets/custom.css]
[www.thisissoho.co.uk/styles/slider.css]
[www.thisissoho.co.uk/scripts/chosen-sprite.png]
[www.thisissoho.co.uk/scripts/chosen-sprite@2x.png]
[www.thisissoho.co.uk/scripts/chosen.min.css]
[www.thisissoho.co.uk/scripts/sidr/stylesheets/jquery.sidr.dark.css]
[www.thisissoho.co.uk/scripts/bxslider/images/bx_loader.gif]
[www.thisissoho.co.uk/scripts/bxslider/images/controls.png]
[www.thisissoho.co.uk/scripts/bxslider/jquery.bxslider.css]
[www.thisissoho.co.uk/assets/images/icons/Down_Arrow_White.png]
[www.thisissoho.co.uk/assets/images/icons/Down_Arrow_Orange.png]
[www.thisissoho.co.uk/styles/fullwidth.css]
[www.thisissoho.co.uk/Styles/contentformat.css]
[www.thisissoho.co.uk/Styles/mobile.css]
[www.thisissoho.co.uk/styles/tablet.css]
[vjs.zencdn.net/5.9.2/video-js.css]
[www.thisissoho.co.uk/scripts/jquery-2.1.4.min.js]
[www.thisissoho.co.uk/scripts/jquery-migrate-1.2.1.min.js]
[www.thisissoho.co.uk/scripts/jquery-ui-1.11.4.min.js]
[www.thisissoho.co.uk/scripts/jquery-ui-timepicker-addon.js]
[www.thisissoho.co.uk/scripts/jquery.scrollTo.min.js]
[www.thisissoho.co.uk/scripts/jquery.formdefaults.js]
[www.thisissoho.co.uk/scripts/chosen.jquery.min.js]
[www.thisissoho.co.uk/JScript.js]
[www.thisissoho.co.uk/scripts/ecommerce.js]
[www.thisissoho.co.uk/scripts/easySlider1.8.js]
[www.thisissoho.co.uk/scripts/bxslider/jquery.bxslider.min.js]
[www.thisissoho.co.uk/scripts/jquery.easytabs.min.js]
[www.thisissoho.co.uk/scripts/sidr/jquery.sidr.min.js]
[www.thisissoho.co.uk/scripts/gmap3.min.js]
[www.thisissoho.co.uk/WebResourcecbd4.js]
[www.thisissoho.co.uk/ScriptResource2eeb.js]
[www.thisissoho.co.uk/ScriptResource6841.js]
[www.thisissoho.co.uk/ScriptResourcecd52.js]
[www.thisissoho.co.uk/assets/images/icons/facebook.svg]
[www.thisissoho.co.uk/assets/images/icons/twitter.svg]
[www.thisissoho.co.uk/assets/images/icons/instagram.svg]
[www.thisissoho.co.uk/assets/images/icons/youtube.svg]
[www.thisissoho.co.uk/assets/images/home/This_is_Soho_pubs_banner.jpg]
[www.thisissoho.co.uk/about-us/index.html]
[www.thisissoho.co.uk/assets/images/shops/shopping-thumb.jpg]
[www.thisissoho.co.uk/assets/images/shops/This_Is_Soho_shopping_banner.jpg]
[www.thisissoho.co.uk/assets/images/stores/APC_Thumb.jpg]
[www.thisissoho.co.uk/stores/a-p-c/index.html]
[www.thisissoho.co.uk/stores/aesop/index.html]
[www.thisissoho.co.uk/assets/images/stores/B-Zar-thumbnail.jpg]
[www.thisissoho.co.uk/stores/b-zar/index.html]
[www.thisissoho.co.uk/stores/broadwick-silks/index.html]
[www.thisissoho.co.uk/stores/bleach/index.html]
[www.thisissoho.co.uk/stores/chris-kerr/index.html]
[www.thisissoho.co.uk/stores/gosh-comics/index.html]
[www.thisissoho.co.uk/stores/cass-art/index.html]
[www.thisissoho.co.uk/stores/misan-fabrics/index.html]
[www.thisissoho.co.uk/shopping/index.html]
[www.thisissoho.co.uk/stores/misan-textiles/index.html]
[www.thisissoho.co.uk/stores/nudie-jeans/index.html]
[www.thisissoho.co.uk/stores/oliver-spencer/index.html]
[www.thisissoho.co.uk/stores/other/index.html]
[www.thisissoho.co.uk/stores/palace/index.html]
[www.thisissoho.co.uk/assets/images/stores/fashion_accessories_overview.jpg]
[www.thisissoho.co.uk/stores/phonica-records/index.html]
[www.thisissoho.co.uk/stores/reckless-records/index.html]
[www.thisissoho.co.uk/stores/reignwear-vintage/index.html]
[www.thisissoho.co.uk/assets/images/shops/This_Is_Soho_Fashion_banner.db.delayed]
[www.thisissoho.co.uk/stores/sandqvist/index.html]
[www.thisissoho.co.uk/stores/sister-ray/index.html]
[www.thisissoho.co.uk/stores/sounds-of-the-universe/index.html]
[www.thisissoho.co.uk/stores/the-cloth-house/index.html]
[www.thisissoho.co.uk/stores/the-house-of-st-barnabas/index.html]
[www.thisissoho.co.uk/stores/the-silk-society/index.html]
[www.thisissoho.co.uk/stores/universal-works/index.html]
[www.thisissoho.co.uk/shops/fashion-accessories/index.html]
[www.thisissoho.co.uk/stores/w-sitch-co/index.html]
[www.thisissoho.co.uk/stores/wah-london/index.html]
[www.thisissoho.co.uk/assets/images/shops/music thumb.jpg]
[www.thisissoho.co.uk/assets/images/shops/This_Is_Soho_music_banner.jpg]
[www.thisissoho.co.uk/shops/music-vinyl/index.html]
[www.thisissoho.co.uk/assets/images/shops/fabric-thumb.jpg]
[www.thisissoho.co.uk/assets/images/shops/This_Is_Soho_textiles_banner.jpg]
[www.thisissoho.co.uk/shops/fabric-textiles/index.html]
[www.thisissoho.co.uk/assets/images/shops/lifestyle-thumb.jpg]
[www.thisissoho.co.uk/assets/images/shops/This_Is_Soho_lifestyle_banner.jpg]
[www.thisissoho.co.uk/shops/lifestyle/index.html]
[www.thisissoho.co.uk/assets/images/shops/beauty-thumb.jpg]
[www.thisissoho.co.uk/assets/images/shops/This_Is_Soho_beauty_banner.jpg]
[www.thisissoho.co.uk/stores/teds-grooming-room/index.html]
[www.thisissoho.co.uk/shops/beauty-grooming/index.html]
[www.thisissoho.co.uk/assets/images/food-and-drink/food-drink-thumb.jpg]
[www.thisissoho.co.uk/assets/images/food-and-drink/banner_food_drink.jpg]
[www.thisissoho.co.uk/stores/andrew-edmunds/index.html]
[www.thisissoho.co.uk/food-drink/index.html]
[www.thisissoho.co.uk/stores/blanchette/index.html]
[www.thisissoho.co.uk/stores/bao/index.html]
[www.thisissoho.co.uk/stores/bone-daddies/index.html]
[www.thisissoho.co.uk/stores/bukowski-grill/index.html]
[www.thisissoho.co.uk/stores/cookhouse-joe/index.html]
[www.thisissoho.co.uk/stores/crosstown-doughnuts/index.html]
[www.thisissoho.co.uk/stores/dirty-bones/index.html]
[www.thisissoho.co.uk/assets/images/food-and-drink/cafe_overview_image.jpg]
[www.thisissoho.co.uk/stores/el-camion/index.html]
[www.thisissoho.co.uk/stores/evelyns-table/index.html]
[www.thisissoho.co.uk/stores/flat-white/index.html]
[www.thisissoho.co.uk/assets/images/shops/This_Is_Soho_cafes_banner.jpg]
[www.thisissoho.co.uk/stores/ember-yard/index.html]
[www.thisissoho.co.uk/stores/hovarda/index.html]
[www.thisissoho.co.uk/stores/franco-manca/index.html]
[www.thisissoho.co.uk/stores/kiln/index.html]
[www.thisissoho.co.uk/stores/keu/index.html]
[www.thisissoho.co.uk/stores/kricket/index.html]
[www.thisissoho.co.uk/stores/med-bar/index.html]
[www.thisissoho.co.uk/stores/med-cafe/index.html]
[www.thisissoho.co.uk/stores/melt-room/index.html]
[www.thisissoho.co.uk/food-drink/cafes/index.html]
[www.thisissoho.co.uk/stores/my-place-soho/index.html]
[www.thisissoho.co.uk/stores/ny-fold/index.html]
[www.thisissoho.co.uk/stores/polpetto/index.html]
[www.thisissoho.co.uk/stores/red-dog-saloon/index.html]
[www.thisissoho.co.uk/stores/shackfuyu/index.html]
[www.thisissoho.co.uk/stores/social-eating-house/index.html]
[www.thisissoho.co.uk/stores/tapas-brindisa/index.html]
[www.thisissoho.co.uk/stores/the-blue-posts/index.html]
[www.thisissoho.co.uk/assets/images/food-and-drink/restaurants-thumb.jpg]
[www.thisissoho.co.uk/stores/temper/index.html]
[www.thisissoho.co.uk/stores/the-breakfast-club/index.html]
[www.thisissoho.co.uk/assets/images/shops/This_Is_Soho_restaurants_banner_01.jpg]
[www.thisissoho.co.uk/stores/the-duck-and-rice/index.html]
[www.thisissoho.co.uk/stores/the-ivy-soho-brasserie/index.html]
[www.thisissoho.co.uk/stores/the-blue-posts-rupert-street/index.html]
[www.thisissoho.co.uk/stores/the-palomar/index.html]
[www.thisissoho.co.uk/stores/the-potato-project/index.html]
[www.thisissoho.co.uk/stores/vetro/index.html]
[www.thisissoho.co.uk/food-drink/restaurants/index.html]
[www.thisissoho.co.uk/stores/the-real-greek/index.html]
[www.thisissoho.co.uk/stores/yauatcha/index.html]
[www.thisissoho.co.uk/stores/xu/index.html]
[www.thisissoho.co.uk/stores/yumchaa/index.html]
[www.thisissoho.co.uk/assets/images/food-and-drink/bars-thumb.jpg]
[www.thisissoho.co.uk/assets/images/shops/This_Is_Soho_bars_banner.jpg]
[www.thisissoho.co.uk/food-drink/bars/index.html]
[www.thisissoho.co.uk/assets/images/food-and-drink/pub-thumb.jpg]
[www.thisissoho.co.uk/assets/images/shops/This_is_Soho_pubs_banner01.jpg]
[www.thisissoho.co.uk/food-drink/pubs/index.html]
[www.thisissoho.co.uk/food-drink/berwick-street-market/index.html]
[www.thisissoho.co.uk/assets/images/news/news-thumbnail.jpg]
[www.thisissoho.co.uk/the-market/index.html]
[www.thisissoho.co.uk/assets/images/news/this-is-soho-sounds-vol-2-other-news-banner.jpg]
[www.thisissoho.co.uk/assets/images/news/art-alive-thumb.jpg]
[www.thisissoho.co.uk/assets/images/news/win-a-weekend-soho-2018-thumb.jpg]
[www.thisissoho.co.uk/assets/images/news/clarks_originals_article_thumb.106.delayed]
[www.thisissoho.co.uk/news/art-alive-the-open-door-project-soho/index.html]
[www.thisissoho.co.uk/news/clarks-originals-new-store-berwick-street-soho/index.html]
[www.thisissoho.co.uk/assets/images/news/this-is-soho-sounds-other-shop-thumb.jpg]
[www.thisissoho.co.uk/news/win-48-hours-in-soho-2018/index.html]
[www.thisissoho.co.uk/assets/images/news/events-overview.jpg]
[www.thisissoho.co.uk/assets/images/news/Overview-late-night-dining .jpg]
[www.thisissoho.co.uk/assets/images/news/TIS_playlists-Dirty_Bones.gif]
[www.thisissoho.co.uk/assets/images/news/oliver-hooson_thumb.jpg]
[www.thisissoho.co.uk/news/late-night-eating-drinking-soho/index.html]
[www.thisissoho.co.uk/assets/images/news/nordic_delights_overview.jpg]
[www.thisissoho.co.uk/news/this-is-soho-sounds-vol-1-dirty-bones/index.html]
[www.thisissoho.co.uk/assets/images/news/dirtybones-nye-thumb.jpg]
[www.thisissoho.co.uk/news/oliver-hooson-guide-to-soho/index.html]
[www.thisissoho.co.uk/news/dirty-bones-nye-prize-draw/index.html]
[www.thisissoho.co.uk/assets/images/news/nye-soho-thumb.jpg]
[www.thisissoho.co.uk/news/nordic-delights-light-festival-soho/index.html]
[www.thisissoho.co.uk/assets/images/news/soho-prize-draw_thumb.jpg]
[www.thisissoho.co.uk/news/soho-new-years-eve-guide/index.html]
[www.thisissoho.co.uk/news/win-dinner-for-two-in-soho-plus-shopping-spree/index.html]
[www.thisissoho.co.uk/news/index.html]
[www.thisissoho.co.uk/assets/images/banners/Banner_carousel_4_things_to_do_1.jpg]
[www.thisissoho.co.uk/assets/images/things-to-do/tapas-brindisa.jpg]
[www.thisissoho.co.uk/assets/images/things-to-do/flat_white.jpg]
[www.thisissoho.co.uk/things-to-do/rupert-street-food-safari/index.html]
[www.thisissoho.co.uk/assets/images/things-to-do/menswear_saturday_thumb_01.jpg]
[www.thisissoho.co.uk/things-to-do/coffee-lovers-guide-to-soho/index.html]
[www.thisissoho.co.uk/things-to-do/menswear-soho-saturday/index.html]
[www.thisissoho.co.uk/things-to-do/index.html]
[www.thisissoho.co.uk/assets/images/newsletter/newsleeter-thumb.jpg]
[www.thisissoho.co.uk/assets/images/newsletter/This_Is_Soho_newsletter_banner.jpg]
[www.thisissoho.co.uk/newsletter/index.html]
[www.thisissoho.co.uk/assets/images/stores/axel-arigato-featured.jpg]
[www.thisissoho.co.uk/assets/images/Map_Pin_Orange.png]
[www.thisissoho.co.uk/assets/images/news/Trainers_300x200.jpg]
[www.thisissoho.co.uk/news/spring-trainers-edit/index.html]
[www.thisissoho.co.uk/stores/axel-arigato/index.html]
[www.thisissoho.co.uk/assets/images/stores/clarks_originals_main.jpg]
[www.thisissoho.co.uk/assets/images/stores/OliverSpencer-thumb.jpg]
[www.thisissoho.co.uk/stores/index.html]
[www.thisissoho.co.uk/assets/images/news/Online_Loobook-1_4.jpg]
[www.thisissoho.co.uk/stores/clarks-originals/index.html]
[www.thisissoho.co.uk/assets/images/stores/Footpatrol(1).jpg]
[www.thisissoho.co.uk/assets/images/home/nudie-thumb.jpg]
[www.thisissoho.co.uk/assets/images/stores/palace-thumbnail.jpg]
[www.thisissoho.co.uk/stores/footpatrol/index.html]
[www.thisissoho.co.uk/assets/images/stores/Underground(1).jpg]
[www.thisissoho.co.uk/assets/images/stores/sister-ray-thumn.jpg]
[www.thisissoho.co.uk/stores/underground/index.html]
[www.thisissoho.co.uk/assets/images/stores/this-is-soho-sounds-vol-2-other-banner_01.jpg]
[www.thisissoho.co.uk/assets/images/stores/OTHER_Thumb_300x200.jpg]
[www.thisissoho.co.uk/news/this-is-soho-sounds-vol-2-other-shop/index.html]
[www.thisissoho.co.uk/assets/images/news/soho-events-banner-1.jpg]
[www.thisissoho.co.uk/assets/images/news/emberyard_events.jpg]
[www.thisissoho.co.uk/assets/images/news/juniper-jupiter-gosh-comic.jpg]
[www.thisissoho.co.uk/assets/images/news/phonica-at-house-of-st-barnabas.jpg]
[www.thisissoho.co.uk/assets/images/news/CamillaGeorgeQuartet-duck-and-rice.jpg]
[www.thisissoho.co.uk/assets/images/stores/ember-yard-thumb.jpg]
[www.thisissoho.co.uk/assets/images/stores/thumb-gosh!.jpg]
[www.thisissoho.co.uk/assets/images/stores/Tapas-Brindisa-Rupert-Street-thumb.jpg]
[www.thisissoho.co.uk/assets/images/stores/duckandrice-thumbnail.jpg]
[www.thisissoho.co.uk/news/soho-events-2018/index.html]
[www.thisissoho.co.uk/scripts/maps.js]
[www.thisissoho.co.uk/assets/images/Legals_Page_Table.jpg]
[www.thisissoho.co.uk/legals/index.html]
[www.thisissoho.co.uk/styles/checklist.css]
[www.thisissoho.co.uk/checklist.js]
[www.thisissoho.co.uk/highfive.html]
[www.thisissoho.co.uk/how-to-get-here/index.html]
[www.thisissoho.co.uk/assets/images/community/community-thumb.jpg]
[www.thisissoho.co.uk/assets/images/community/banner_community.jpg]
[www.thisissoho.co.uk/assets/images/charity-partner/charity.jpg]
[www.thisissoho.co.uk/community/charity-partner/index.html]
[www.thisissoho.co.uk/community/index.html]
[www.thisissoho.co.uk/assets/images/stores/history-thumb.jpg]
[www.thisissoho.co.uk/assets/images/history/History_Famous_Infamous_Characters_Image.jpg]
[www.thisissoho.co.uk/assets/images/history/History_The_Market_Image1.jpg]
[www.thisissoho.co.uk/assets/images/history/History_The_Market_Image2.jpg]
[www.thisissoho.co.uk/assets/images/history/History_Music_Image.jpg]
[www.thisissoho.co.uk/history/index.html]
[www.thisissoho.co.uk/assets/images/contact/newsletter-thumb.jpg]
[www.thisissoho.co.uk/contact/index.html]
[www.thisissoho.co.uk/assets/images/language-pages/soho-01.jpg]
[www.thisissoho.co.uk/assets/images/language-pages/soho-02.jpg]
[www.thisissoho.co.uk/assets/images/language-pages/soho-03.jpg]
[www.thisissoho.co.uk/assets/images/language-pages/soho-04.jpg]
[www.thisissoho.co.uk/assets/images/language-pages/soho-05.jpg]
[www.thisissoho.co.uk/assets/images/language-pages/soho-06.jpg]
[www.thisissoho.co.uk/chinese/index.html]
[www.thisissoho.co.uk/_Hover.html]
[fast.fonts.net/t/18afc.css]
[www.thisissoho.co.uk/fonts/founders/FoundersGroteskWeb-Medium.eot]
[www.thisissoho.co.uk/fonts/founders/FoundersGroteskWeb-Mediumd41d.eot]
[www.thisissoho.co.uk/fonts/founders/FoundersGroteskWeb-Medium.woff2]
[www.thisissoho.co.uk/fonts/founders/FoundersGroteskWeb-Medium.woff]
[www.thisissoho.co.uk/fonts/founders/FoundersGroteskWeb-Light.eot]
[www.thisissoho.co.uk/fonts/founders/FoundersGroteskWeb-Lightd41d.eot]
[www.thisissoho.co.uk/fonts/founders/FoundersGroteskWeb-Light.woff2]
[www.thisissoho.co.uk/fonts/founders/FoundersGroteskWeb-Light.woff]
[www.thisissoho.co.uk/fonts/founders/FoundersGroteskWeb-MediumItalic.eot]
[www.thisissoho.co.uk/fonts/founders/FoundersGroteskWeb-MediumItalicd41d.eot]
[www.thisissoho.co.uk/fonts/founders/FoundersGroteskWeb-MediumItalic.woff2]
[www.thisissoho.co.uk/fonts/founders/FoundersGroteskWeb-MediumItalic.woff]
[www.thisissoho.co.uk/fonts/founders/FoundersGroteskWeb-Regular.eot]
[www.thisissoho.co.uk/fonts/founders/FoundersGroteskWeb-Regulard41d.eot]
[www.thisissoho.co.uk/fonts/founders/FoundersGroteskWeb-Regular.woff2]
[www.thisissoho.co.uk/fonts/founders/FoundersGroteskWeb-Regular.woff]
[www.thisissoho.co.uk/fonts/founders/FoundersGroteskWeb-RegularItalic.eot]
[www.thisissoho.co.uk/fonts/founders/FoundersGroteskWeb-RegularItalicd41d.eot]
[www.thisissoho.co.uk/fonts/founders/FoundersGroteskWeb-RegularItalic.woff2]
[www.thisissoho.co.uk/fonts/founders/FoundersGroteskWeb-RegularItalic.woff]
[www.thisissoho.co.uk/fonts/fonts.css]
[www.thisissoho.co.uk/assets/images/next.html]
[www.thisissoho.co.uk/assets/images/prev.html]
[www.thisissoho.co.uk/assets/images/services/iconserviceintrotickx3.html]
[www.thisissoho.co.uk/assets/images/2.0/icons-resources.html]
[www.thisissoho.co.uk/images/buttons/arrow_left_off.html]
[www.thisissoho.co.uk/images/buttons/arrow_right_off.html]
[www.thisissoho.co.uk/app_themes/home/images/btn_pause.html]
[www.thisissoho.co.uk/images/buttons/arrow_left_on.html]
[www.thisissoho.co.uk/images/buttons/arrow_right_on.html]
[www.thisissoho.co.uk/assets/images/home/002_Image_Register.jpeg/index.html]
[www.thisissoho.co.uk/assets/images/icon-tw.html]
[www.thisissoho.co.uk/assets/images/home/icon2searchx3.html]
[www.thisissoho.co.uk/images/icon-tick.html]
[www.thisissoho.co.uk/images/icon-users.html]
[www.thisissoho.co.uk/images/icon-arrow.html]
[www.thisissoho.co.uk/assets/images/home/icon2findoutmorex3.html]
[www.thisissoho.co.uk/images/icon-calendar.html]
[www.thisissoho.co.uk/images/icon-news.html]
[www.thisissoho.co.uk/assets/images/study/greybk.html]
[www.thisissoho.co.uk/assets/images/product/icon-option-studytext.html]
[www.thisissoho.co.uk/assets/images/product/icon-option-examkit.html]
[www.thisissoho.co.uk/assets/images/product/icon-option-studytext-up.html]
[www.thisissoho.co.uk/assets/images/product/icon-option-examkit-up.html]
[www.thisissoho.co.uk/images/searchBgHome.html]
[www.thisissoho.co.uk/images/tick.html]
[www.thisissoho.co.uk/images/bullets/yellow.html]
[www.thisissoho.co.uk/images/bullets/orange.html]
[www.thisissoho.co.uk/images/bullets/black.html]
[www.thisissoho.co.uk/images/photo-off.html]
[www.thisissoho.co.uk/images/photo-on.html]
[www.thisissoho.co.uk/images/name-off.html]
[www.thisissoho.co.uk/images/name-on.html]
[www.thisissoho.co.uk/app_themes/propertysearch/images/propcontacts-off.html]
[www.thisissoho.co.uk/images/blueFeat.html]
[www.thisissoho.co.uk/images/turqFeat.html]
[www.thisissoho.co.uk/assets/images/Study-Materials_Basket-Modal_How-Do-I-Read-My-Ebook.html]
[www.thisissoho.co.uk/assets/images/Facebook-Icon-Retina.html]
[www.thisissoho.co.uk/assets/images/twitter-Icon-Retina.html]
[www.thisissoho.co.uk/assets/images/google-plus-Icon-Retina.html]
[www.thisissoho.co.uk/images/cookie-logo.html]
[www.thisissoho.co.uk/assets/images/home/003_Image_Audio_Recorded_CTA.jpeg/index.html]
[www.thisissoho.co.uk/assets/images/home/Social-Hub-Instagram-Icon-Retina.html]
[www.thisissoho.co.uk/assets/images/home/Social-Hub-Twitter-Icon-Retina.html]
[www.thisissoho.co.uk/assets/images/galleries/X_white.html]
[www.thisissoho.co.uk/assets/images/galleries/X_black.html]
[www.thisissoho.co.uk/assets/images/galleries/left_arrow_white.html]
[www.thisissoho.co.uk/assets/images/galleries/left_arrow_black.html]
[www.thisissoho.co.uk/assets/images/galleries/right_arrow_white.html]
[www.thisissoho.co.uk/assets/images/galleries/right_arrow_black.html]
[www.thisissoho.co.uk/assets/images/oureffortsright.jpeg/index.html]
[www.thisissoho.co.uk/assets/images/rest_of_images/14_Our-Services_CPD-Training-CTA.html]
[www.thisissoho.co.uk/assets/images/icon-more.html]
[www.thisissoho.co.uk/assets/images/our_courses/image-spotlight.jpeg/index.html]
[www.thisissoho.co.uk/assets/images/studylandingrightimage.jpeg/index.html]
[www.thisissoho.co.uk/assets/images/study/icon-studytext.html]
[www.thisissoho.co.uk/assets/images/study/icon-examkit.html]
[www.thisissoho.co.uk/assets/images/study/icon-guidebook.html]
[www.thisissoho.co.uk/assets/images/galleries/x_white-2.html]
[www.thisissoho.co.uk/assets/images/galleries/x_black-2.html]
[www.thisissoho.co.uk/assets/images/home/dotted-vertical.html]
[www.thisissoho.co.uk/assets/images/home/dotted-horizontal.html]
[www.thisissoho.co.uk/images/bullets/line.html]
[www.thisissoho.co.uk/images/alpha.html]
[www.thisissoho.co.uk/images/buttons/prop_arrow_left.html]
[www.thisissoho.co.uk/images/buttons/prop_arrow_right.html]
[www.thisissoho.co.uk/images/buttons/mobilemenu.html]
[www.thisissoho.co.uk/basket/index.html]
[www.thisissoho.co.uk/POST/index.html]
[www.thisissoho.co.uk/Firefox/index.html]
[www.thisissoho.co.uk/AppleWebKit/index.html]
[www.thisissoho.co.uk/Opera/index.html]
[www.thisissoho.co.uk/MicrosoftAjaxWebForms.html]
[www.thisissoho.co.uk/MicrosoftAjaxSerialization.html]
[www.thisissoho.co.uk/MicrosoftAjaxNetwork.html]
[www.thisissoho.co.uk/about-us/_Hover.html]
[www.thisissoho.co.uk/assets/images/stores/APC_Main.jpg]
[www.thisissoho.co.uk/stores/a-p-c/index.html]
[www.thisissoho.co.uk/assets/images/stores/Aesop_300x200(1).jpg]
[www.thisissoho.co.uk/assets/images/stores/Aesop_544x662(1).jpg]
[www.thisissoho.co.uk/stores/aesop/index.html]
[www.thisissoho.co.uk/assets/images/stores/B-Zar.jpg]
[www.thisissoho.co.uk/assets/images/stores/Bleach thumbnail.jpg]
[www.thisissoho.co.uk/assets/images/stores/misan-fabrics-thumbnail.jpg]
[www.thisissoho.co.uk/stores/b-zar/index.html]
[www.thisissoho.co.uk/assets/images/stores/Bleach.jpg]
[www.thisissoho.co.uk/assets/images/stores/cass-art-thumbnail.jpg]
[www.thisissoho.co.uk/assets/images/stores/IMG_2218.jpg]
[www.thisissoho.co.uk/stores/bleach/index.html]
[www.thisissoho.co.uk/assets/images/stores/broadwick-icon.jpg]
[www.thisissoho.co.uk/assets/images/stores/Broadwick-Silks(1).jpg]
[www.thisissoho.co.uk/assets/images/stores/chris-kerr-thumbnail.jpg]
[www.thisissoho.co.uk/assets/images/stores/Misan-Textiles-thumbnail.jpg]
[www.thisissoho.co.uk/stores/broadwick-silks/index.html]
[www.thisissoho.co.uk/assets/images/stores/cass-art.jpg]
[www.thisissoho.co.uk/stores/cass-art/index.html]
[www.thisissoho.co.uk/assets/images/stores/chris-kerr.jpg]
[www.thisissoho.co.uk/assets/images/stores/MTM2-thumb.jpg]
[www.thisissoho.co.uk/news/meet-the-makers-episode-3_-chris-kerr/index.html]
[www.thisissoho.co.uk/stores/chris-kerr/index.html]
[www.thisissoho.co.uk/assets/images/stores/Gosh.jpg]
[www.thisissoho.co.uk/stores/gosh-comics/index.html]
[www.thisissoho.co.uk/assets/images/stores/Misan(1).jpg]
[www.thisissoho.co.uk/stores/misan-fabrics/index.html]
[www.thisissoho.co.uk/assets/images/stores/Misan-Textiles.jpg]
[www.thisissoho.co.uk/stores/misan-textiles/index.html]
[www.thisissoho.co.uk/assets/images/stores/nudie-jeans.jpg]
[www.thisissoho.co.uk/stores/nudie-jeans/index.html]
[www.thisissoho.co.uk/assets/images/stores/oliver-spencer-featured.jpg]
[www.thisissoho.co.uk/stores/oliver-spencer/index.html]
[www.thisissoho.co.uk/assets/images/stores/OTHER_Main_544x662.jpg]
[www.thisissoho.co.uk/stores/other/index.html]
[www.thisissoho.co.uk/assets/images/stores/palace.jpg]
[www.thisissoho.co.uk/stores/palace/index.html]
[www.thisissoho.co.uk/assets/images/stores/phonica_records_thumb.jpg]
[www.thisissoho.co.uk/assets/images/stores/phonica_records.jpg]
[www.thisissoho.co.uk/assets/images/home/reckless-thumbnail.jpg]
[www.thisissoho.co.uk/assets/images/stores/hosb-thumb.jpg]
[www.thisissoho.co.uk/stores/phonica-records/index.html]
[www.thisissoho.co.uk/assets/images/stores/Reckless,-Berwick-Street.jpg]
[www.thisissoho.co.uk/assets/images/news/music-thumbnail.jpg]
[www.thisissoho.co.uk/assets/images/news/07_04_16_website-gif.gif]
[www.thisissoho.co.uk/news/berwick-street-calling/index.html]
[www.thisissoho.co.uk/stores/reckless-records/index.html]
[www.thisissoho.co.uk/news/berwick-street-calling-vote-now/index.html]
[www.thisissoho.co.uk/assets/images/home/Reignwear-thumbnail.jpg]
[www.thisissoho.co.uk/assets/images/stores/Reignwear 1.jpg]
[www.thisissoho.co.uk/stores/reignwear-vintage/index.html]
[www.thisissoho.co.uk/assets/images/stores/Sandqvist(1).jpg]
[www.thisissoho.co.uk/assets/images/news/CoffeeMaps_300x200.jpg]
[www.thisissoho.co.uk/news/soho-coffee-map/index.html]
[www.thisissoho.co.uk/stores/sandqvist/index.html]
[www.thisissoho.co.uk/assets/images/stores/sister-ray-featured.jpg]
[www.thisissoho.co.uk/assets/images/news/mtm-logo-sister-ray.jpg]
[www.thisissoho.co.uk/news/meet-the-makers-of-sister-ray/index.html]
[www.thisissoho.co.uk/stores/sister-ray/index.html]
[www.thisissoho.co.uk/assets/images/stores/SotU(1).jpg]
[www.thisissoho.co.uk/assets/images/stores/Universal-Works(3).jpg]
[www.thisissoho.co.uk/stores/sounds-of-the-universe/index.html]
[www.thisissoho.co.uk/assets/images/stores/the-cloth-house-thumb.jpg]
[www.thisissoho.co.uk/assets/images/stores/clothhouse-misc-024133000145457877419217541200(1).jpg]
[www.thisissoho.co.uk/assets/images/stores/silk-society-thumb.jpg]
[www.thisissoho.co.uk/stores/the-cloth-house/index.html]
[www.thisissoho.co.uk/assets/images/stores/house-of-st-barnabas.jpg]
[www.thisissoho.co.uk/stores/the-house-of-st-barnabas/index.html]
[www.thisissoho.co.uk/assets/images/stores/silk-society.jpg]
[www.thisissoho.co.uk/stores/the-silk-society/index.html]
[www.thisissoho.co.uk/assets/images/stores/universal-works.jpg]
[www.thisissoho.co.uk/stores/universal-works/index.html]
[www.thisissoho.co.uk/assets/images/stores/wsitch(1).jpg]
[www.thisissoho.co.uk/assets/images/stores/wsitch.jpg]
[www.thisissoho.co.uk/stores/w-sitch-co/index.html]
[www.thisissoho.co.uk/assets/files/wah-thumb.jpg]
[www.thisissoho.co.uk/assets/images/stores/WAH_Directory.jpg]
[www.thisissoho.co.uk/assets/images/news/12487022_1643529899241876_7389333851039597037_o.jpg]
[www.thisissoho.co.uk/assets/images/news/WAH_Thumb_300x200.jpg]
[www.thisissoho.co.uk/news/look-who-s-opening-this-november/index.html]
[www.thisissoho.co.uk/news/win-a-vip-day-out-with-wah-london/index.html]
[www.thisissoho.co.uk/stores/wah-london/index.html]
[www.thisissoho.co.uk/assets/images/stores/Aesop_300x200(1/index.html]
[www.thisissoho.co.uk/shopping/_Hover.html]
[www.thisissoho.co.uk/shops/fashion-accessories/_Hover.html]
[www.thisissoho.co.uk/shops/music-vinyl/_Hover.html]
[www.thisissoho.co.uk/shops/fabric-textiles/_Hover.html]
[www.thisissoho.co.uk/shops/lifestyle/_Hover.html]
[www.thisissoho.co.uk/assets/images/stores/ted-grooming-thumb.jpg]
[www.thisissoho.co.uk/assets/images/stores/ted-grooming-image.jpg]
[www.thisissoho.co.uk/assets/images/icons/Facebook_Icon.png]
[www.thisissoho.co.uk/assets/images/icons/Instagram_Icon.png]
[www.thisissoho.co.uk/stores/joe-and-co/index.html]
[www.thisissoho.co.uk/stores/teds-grooming-room/index.html]
[www.thisissoho.co.uk/shops/beauty-grooming/_Hover.html]
[www.thisissoho.co.uk/assets/images/stores/Andrew_Edmunds_300x200.jpg]
[www.thisissoho.co.uk/assets/images/stores/Andrew_Edmunds_544x662.jpg]
[www.thisissoho.co.uk/stores/andrew-edmunds/index.html]
[www.thisissoho.co.uk/assets/images/stores/bao-thumb.jpg]
[www.thisissoho.co.uk/assets/images/stores/bao-main.jpg]
[www.thisissoho.co.uk/assets/images/stores/bone-daddies-thumbnail.jpg]
[www.thisissoho.co.uk/assets/images/stores/keu overveiw image.jpg]
[www.thisissoho.co.uk/assets/images/stores/shackfuyu-thumb.jpg]
[www.thisissoho.co.uk/assets/images/stores/Screen Shot 2016-12-20 at 11_32_01.png]
[www.thisissoho.co.uk/stores/bao/index.html]
[www.thisissoho.co.uk/assets/images/stores/blanchette overview image.jpg]
[www.thisissoho.co.uk/assets/images/stores/blanchette-image.jpg]
[www.thisissoho.co.uk/assets/images/stores/b grill overview image.jpg]
[www.thisissoho.co.uk/assets/images/stores/melt-room-image overview image.jpg]
[www.thisissoho.co.uk/stores/blanchette/index.html]
[www.thisissoho.co.uk/assets/images/stores/Bone-daddies.jpg]
[www.thisissoho.co.uk/assets/images/stores/el-camion-thumbnail.jpg]
[www.thisissoho.co.uk/stores/bone-daddies/index.html]
[www.thisissoho.co.uk/assets/images/stores/bukowski-image(1).jpg]
[www.thisissoho.co.uk/assets/images/stores/Temper_300x200.jpg]
[www.thisissoho.co.uk/stores/bukowski-grill/index.html]
[www.thisissoho.co.uk/assets/images/stores/Cookhouse-Joe-overview image.jpg]
[www.thisissoho.co.uk/assets/images/stores/Cookhouse-Joe-edited.jpg]
[www.thisissoho.co.uk/assets/files/overview image.jpg]
[www.thisissoho.co.uk/assets/images/stores/ny-fold-thumbnail.jpg]
[www.thisissoho.co.uk/assets/images/stores/the-real-greek-overview.jpg]
[www.thisissoho.co.uk/stores/cookhouse-joe/index.html]
[www.thisissoho.co.uk/assets/images/stores/cross-town-doughnuts.jpg]
[www.thisissoho.co.uk/assets/images/stores/crosstown-image.jpg]
[www.thisissoho.co.uk/assets/images/stores/FlatWhite-thumbnail.jpg]
[www.thisissoho.co.uk/stores/crosstown-doughnuts/index.html]
[www.thisissoho.co.uk/assets/images/stores/dirty_bones_thumb.jpg]
[www.thisissoho.co.uk/assets/images/stores/dirty-bones-soho-main01.jpg]
[www.thisissoho.co.uk/assets/images/stores/red-dog-saloon overview image.jpg]
[www.thisissoho.co.uk/assets/images/stores/the-breakfast-club-image.jpg]
[www.thisissoho.co.uk/stores/dirty-bones/index.html]
[www.thisissoho.co.uk/assets/images/stores/el-camion.jpg]
[www.thisissoho.co.uk/assets/images/stores/polpetto-thumbnail.jpg]
[www.thisissoho.co.uk/assets/images/stores/theblueposts-thumbnail.jpg]
[www.thisissoho.co.uk/stores/el-camion/index.html]
[www.thisissoho.co.uk/assets/images/stores/Ember-Yard-main.jpg]
[www.thisissoho.co.uk/assets/images/news/rsz_a010_r075_1027j7_001r3d22_18_23_06still001.1f1.delayed]
[www.thisissoho.co.uk/news/its-time-to-meet-the-makers/index.html]
[www.thisissoho.co.uk/stores/ember-yard/index.html]
[www.thisissoho.co.uk/assets/images/stores/Evelyns-Table-cover.jpg]
[www.thisissoho.co.uk/assets/images/stores/Evelyns-Table-main.jpg]
[www.thisissoho.co.uk/assets/images/stores/the-blue-posts-rupert-street-cover.jpg]
[www.thisissoho.co.uk/assets/images/stores/the-palomar-soho-thumb.jpg]
[www.thisissoho.co.uk/assets/images/stores/xu-thumb.jpg]
[www.thisissoho.co.uk/stores/evelyns-table/index.html]
[www.thisissoho.co.uk/assets/images/stores/FlatWhite.jpg]
[www.thisissoho.co.uk/assets/images/stores/yumchaa-thumbnail.jpg]
[www.thisissoho.co.uk/stores/flat-white/index.html]
[www.thisissoho.co.uk/assets/files/franco-manca-image.jpg]
[www.thisissoho.co.uk/stores/franco-manca/index.html]
[www.thisissoho.co.uk/assets/images/stores/hovarda-thumb.jpg]
[www.thisissoho.co.uk/assets/images/stores/hovarda-main.jpg]
[www.thisissoho.co.uk/stores/hovarda/index.html]
[www.thisissoho.co.uk/assets/images/stores/Keu.jpg]
[www.thisissoho.co.uk/stores/keu/index.html]
[www.thisissoho.co.uk/assets/images/Kiln-thumbnail.jpg]
[www.thisissoho.co.uk/assets/images/Kiln-directory.jpg]
[www.thisissoho.co.uk/stores/kiln/index.html]
[www.thisissoho.co.uk/assets/images/stores/Kricket_300x200(1).jpg]
[www.thisissoho.co.uk/assets/images/stores/Kricket_544x662(1).jpg]
[www.thisissoho.co.uk/stores/kricket/index.html]
[www.thisissoho.co.uk/assets/images/stores/med-bar-thumb.jpg]
[www.thisissoho.co.uk/assets/images/stores/med-bar.jpg]
[www.thisissoho.co.uk/stores/med-bar/index.html]
[www.thisissoho.co.uk/assets/images/stores/med-cafe-thumb(2).jpg]
[www.thisissoho.co.uk/assets/images/stores/mediterranean-cafe-image.jpg]
[www.thisissoho.co.uk/stores/med-cafe/index.html]
[www.thisissoho.co.uk/assets/images/stores/melt-room-image.jpg]
[www.thisissoho.co.uk/assets/images/stores/13244796_1100286070027755_4183240452089785849_n.jpg]
[www.thisissoho.co.uk/stores/melt-room/index.html]
[www.thisissoho.co.uk/assets/images/stores/my-place-soho.jpg]
[www.thisissoho.co.uk/assets/images/stores/My-Place.jpg]
[www.thisissoho.co.uk/stores/my-place-soho/index.html]
[www.thisissoho.co.uk/assets/images/stores/ny-fold.jpg]
[www.thisissoho.co.uk/stores/ny-fold/index.html]
[www.thisissoho.co.uk/assets/images/stores/polpetto.jpg]
[www.thisissoho.co.uk/stores/polpetto/index.html]
[www.thisissoho.co.uk/assets/images/stores/red-dog-saloon.jpg]
[www.thisissoho.co.uk/stores/red-dog-saloon/index.html]
[www.thisissoho.co.uk/assets/images/stores/Shackfuyu_Main.jpg]
[www.thisissoho.co.uk/stores/shackfuyu/index.html]
[www.thisissoho.co.uk/assets/images/stores/SEH.jpg]
[www.thisissoho.co.uk/stores/social-eating-house/index.html]
[www.thisissoho.co.uk/assets/images/stores/tapas-brindisa-main-image.jpg]
[www.thisissoho.co.uk/stores/tapas-brindisa/index.html]
[www.thisissoho.co.uk/assets/images/stores/Temper_544x662.jpg]
[www.thisissoho.co.uk/stores/temper/index.html]
[www.thisissoho.co.uk/assets/images/stores/theblueposts.jpg]
[www.thisissoho.co.uk/stores/the-blue-posts/index.html]
[www.thisissoho.co.uk/assets/images/stores/The-Blue-Posts-Rupert-Street-main.jpg]
[www.thisissoho.co.uk/stores/the-blue-posts-rupert-street/index.html]
[www.thisissoho.co.uk/assets/images/stores/the-breakfast-club-image-2.jpg]
[www.thisissoho.co.uk/stores/the-breakfast-club/index.html]
[www.thisissoho.co.uk/assets/images/stores/duckandrice.jpg]
[www.thisissoho.co.uk/stores/the-duck-and-rice/index.html]
[www.thisissoho.co.uk/assets/images/stores/IvySoho_300x200.jpg]
[www.thisissoho.co.uk/assets/images/stores/IvySoho_544x662.jpg]
[www.thisissoho.co.uk/stores/the-ivy-soho-brasserie/index.html]
[www.thisissoho.co.uk/assets/images/stores/the-palomar-soho-main.jpg]
[www.thisissoho.co.uk/stores/the-palomar/index.html]
[www.thisissoho.co.uk/assets/images/stores/potato-project-image.jpg]
[www.thisissoho.co.uk/stores/the-potato-project/index.html]
[www.thisissoho.co.uk/assets/images/stores/The_Real_Greek Resized.jpg]
[www.thisissoho.co.uk/stores/the-real-greek/index.html]
[www.thisissoho.co.uk/assets/images/stores/vetro-overview.jpg]
[www.thisissoho.co.uk/assets/images/stores/vetro.jpg]
[www.thisissoho.co.uk/stores/vetro/index.html]
[www.thisissoho.co.uk/assets/images/stores/xu-main.jpg]
[www.thisissoho.co.uk/stores/xu/index.html]
[www.thisissoho.co.uk/assets/images/stores/Yauatcha_Main.jpg]
[www.thisissoho.co.uk/stores/yauatcha/index.html]
[www.thisissoho.co.uk/assets/images/stores/yumchaa.jpg]
[www.thisissoho.co.uk/stores/yumchaa/index.html]
[www.thisissoho.co.uk/food-drink/_Hover.html]
[www.thisissoho.co.uk/food-drink/cafes/_Hover.html]
[www.thisissoho.co.uk/food-drink/restaurants/_Hover.html]
[www.thisissoho.co.uk/food-drink/bars/_Hover.html]
[www.thisissoho.co.uk/food-drink/pubs/_Hover.html]
[www.thisissoho.co.uk/assets/images/market/market-thumb.jpg]
[www.thisissoho.co.uk/assets/images/market/oranges.jpg]
[www.thisissoho.co.uk/the-market/index.html]
[www.thisissoho.co.uk/assets/images/news/art-alive-banner.jpg]
[www.thisissoho.co.uk/news/art-alive-the-open-door-project-soho/index.html]
[www.thisissoho.co.uk/assets/images/news/win-a-weekend-soho-2018-banner.jpg]
[www.thisissoho.co.uk/assets/images/news/win-a-weekend-soho-2018-main.jpg]
[www.thisissoho.co.uk/assets/images/news/Cross_Form.png]
[www.thisissoho.co.uk/terms-conditions/index.html]
[www.thisissoho.co.uk/news/win-48-hours-in-soho-2018/index.html]
[www.thisissoho.co.uk/assets/images/news/clarks-originals-banner.jpg]
[www.thisissoho.co.uk/assets/images/news/clarks_originals_02.jpg]
[www.thisissoho.co.uk/assets/images/news/clarks_originals_01.jpg]
[www.thisissoho.co.uk/news/clarks-originals-new-store-berwick-street-soho/index.html]
[www.thisissoho.co.uk/assets/images/news/Late-night-dining-header.jpg]
[www.thisissoho.co.uk/assets/images/news/The-Blue-Posts-Late.png]
[www.thisissoho.co.uk/assets/images/news/bar-italia-late-night.jpg]
[www.thisissoho.co.uk/assets/images/news/The Ivy - late night .jpg]
[www.thisissoho.co.uk/assets/images/news/Balans-late-night.jpg]
[www.thisissoho.co.uk/assets/images/news/Dirty Bones Fish Tacos 1.jpg]
[www.thisissoho.co.uk/news/late-night-eating-drinking-soho/index.html]
[www.thisissoho.co.uk/assets/images/news/Soho_Sounds-Dirty-Bones-banner.jpg]
[www.thisissoho.co.uk/news/this-is-soho-sounds-vol-1-dirty-bones/index.html]
[www.thisissoho.co.uk/assets/images/news/oliver-hooson-soho-guide-banner.jpg]
[www.thisissoho.co.uk/assets/images/news/for_coffee_soho.jpg]
[www.thisissoho.co.uk/assets/images/news/for_menswear_soho.jpg]
[www.thisissoho.co.uk/assets/images/news/for_footwear_soho1.jpg]
[www.thisissoho.co.uk/assets/images/news/for_records_soho.jpg]
[www.thisissoho.co.uk/assets/images/news/for_drinks_soho.jpg]
[www.thisissoho.co.uk/news/oliver-hooson-guide-to-soho/index.html]
[www.thisissoho.co.uk/assets/images/news/nordic-delights-banner.jpg]
[www.thisissoho.co.uk/assets/images/news/Hans-nordic002.jpg]
[www.thisissoho.co.uk/assets/images/news/nordic-delights-map.jpg]
[www.thisissoho.co.uk/assets/images/news/choose_love-thumb.268.delayed]
[www.thisissoho.co.uk/news/choose-love-help-refugees-pop-up-soho/index.html]
[www.thisissoho.co.uk/news/nordic-delights-light-festival-soho/index.html]
[www.thisissoho.co.uk/assets/images/news/nye-dirty-bones.jpg]
[www.thisissoho.co.uk/news/dirty-bones-nye-prize-draw/index.html]
[www.thisissoho.co.uk/assets/images/news/soho-nye-banner.jpg]
[www.thisissoho.co.uk/assets/images/news/duckandrice-nye.jpg]
[www.thisissoho.co.uk/assets/images/news/ronnie-scotts-nye.jpg]
[www.thisissoho.co.uk/news/soho-christmas-food-drink/index.html]
[www.thisissoho.co.uk/assets/images/news/db-nye.jpg]
[www.thisissoho.co.uk/assets/images/news/xu-nye.jpg]
[www.thisissoho.co.uk/assets/images/news/bleach-nye.jpg]
[www.thisissoho.co.uk/assets/images/news/reign-vintage-nye.jpg]
[www.thisissoho.co.uk/assets/images/news/tedsgroomingroom-nye.jpg]
[www.thisissoho.co.uk/assets/images/news/soho-christmas-food_drink-thumb.jpg]
[www.thisissoho.co.uk/news/soho-new-years-eve-guide/index.html]
[www.thisissoho.co.uk/assets/images/news/christmas-prize-draw-banner.jpg]
[www.thisissoho.co.uk/news/win-dinner-for-two-in-soho-plus-shopping-spree/index.html]
[www.thisissoho.co.uk/news/_Hover.html]
[www.thisissoho.co.uk/assets/images/things-to-do/rupert-street-banner.jpg]
[www.thisissoho.co.uk/assets/images/things-to-do/the-palomar.jpg]
[www.thisissoho.co.uk/assets/images/things-to-do/hovarda.jpg]
[www.thisissoho.co.uk/assets/images/things-to-do/the-blue-posts-rupert.jpg]
[www.thisissoho.co.uk/assets/images/things-to-do/xu.jpg]
[www.thisissoho.co.uk/assets/images/things-to-do/Evelyns_Table_RS.jpg]
[www.thisissoho.co.uk/things-to-do/rupert-street-food-safari/index.html]
[www.thisissoho.co.uk/assets/images/things-to-do/banner_coffee-lovers-guide.jpg]
[www.thisissoho.co.uk/assets/images/things-to-do/med_cafe.jpg]
[www.thisissoho.co.uk/assets/images/things-to-do/yumchaa.jpg]
[www.thisissoho.co.uk/assets/images/things-to-do/my_place.jpg]
[www.thisissoho.co.uk/assets/images/things-to-do/polpetto_01.jpg]
[www.thisissoho.co.uk/assets/images/things-to-do/bar_italia_soho.jpg]
[www.thisissoho.co.uk/things-to-do/coffee-lovers-guide-to-soho/index.html]
[www.thisissoho.co.uk/assets/images/things-to-do/teds_grooming_room.jpg]
[www.thisissoho.co.uk/assets/images/things-to-do/universal_works.jpg]
[www.thisissoho.co.uk/assets/images/things-to-do/Berwick Street Shoot_Marc Sethi-6652.jpg]
[www.thisissoho.co.uk/assets/images/things-to-do/Berwick Street Shoot_Marc Sethi-6544.jpg]
[www.thisissoho.co.uk/assets/images/things-to-do/Berwick Street Shoot_Marc Sethi-6972.jpg]
[www.thisissoho.co.uk/assets/images/things-to-do/Berwick Street Shoot_Marc Sethi-6969.jpg]
[www.thisissoho.co.uk/assets/images/things-to-do/OLIVERSPENCER8.jpg]
[www.thisissoho.co.uk/assets/images/things-to-do/the_blue_posts.jpg]
[www.thisissoho.co.uk/assets/images/things-to-do/duke_and_rice.jpg]
[www.thisissoho.co.uk/things-to-do/menswear-soho-saturday/index.html]
[www.thisissoho.co.uk/things-to-do/_Hover.html]
[www.thisissoho.co.uk/newsletter/_Hover.html]
[www.thisissoho.co.uk/assets/images/news/Trainers_1920x465.jpg]
[www.thisissoho.co.uk/assets/images/news/Axel 2.png]
[www.thisissoho.co.uk/assets/images/news/Footpatrol copy(1).jpg]
[www.thisissoho.co.uk/assets/images/news/OSF49 Ambleside Low Top Green Suede-2.jpg]
[www.thisissoho.co.uk/assets/images/news/_MG_0767 copy.jpg]
[www.thisissoho.co.uk/assets/images/news/16601916_1418364274864254_8942089875582297467_o (1).jpg]
[www.thisissoho.co.uk/assets/images/news/500-spend-thumbnail.jpg]
[www.thisissoho.co.uk/assets/files/IMG_6270 copy 2.jpg]
[www.thisissoho.co.uk/assets/images/news/LFW_300X200.29b.delayed]
[www.thisissoho.co.uk/london-fashion-week-hot-list/index.html]
[www.thisissoho.co.uk/news/now-open-other-flagship-store/index.html]
[www.thisissoho.co.uk/news/now-open-axel-arigato-s-global-flagship-store/index.html]
[www.thisissoho.co.uk/news/the-festival-survival-kit/index.html]
[www.thisissoho.co.uk/news/spring-trainers-edit/index.html]
[www.thisissoho.co.uk/stores/axel-arigato/_Hover.html]
[www.thisissoho.co.uk/stores/index.html]
[www.thisissoho.co.uk/stores/clarks-originals/_Hover.html]
[www.thisissoho.co.uk/stores/footpatrol/_Hover.html]
[www.thisissoho.co.uk/stores/underground/_Hover.html]
[www.thisissoho.co.uk/news/this-is-soho-sounds-vol-2-other-shop/_Hover.html]
[www.thisissoho.co.uk/news/soho-events-2018/_Hover.html]
[www.thisissoho.co.uk/scripts/maps.js]
[www.thisissoho.co.uk/legals/_Hover.html]
[www.thisissoho.co.uk/how-to-get-here/_Hover.html]
[www.thisissoho.co.uk/assets/images/stores/charity-partnre.jpg]
[www.thisissoho.co.uk/community/charity-partner/index.html]
[www.thisissoho.co.uk/community/_Hover.html]
[www.thisissoho.co.uk/history/_Hover.html]
[www.thisissoho.co.uk/contact/_Hover.html]
[www.thisissoho.co.uk/chinese/_Hover.html]
[www.thisissoho.co.uk/stores/a-p-c/_Hover.html]
[www.thisissoho.co.uk/stores/aesop/_Hover.html]
[www.thisissoho.co.uk/stores/b-zar/_Hover.html]
[www.thisissoho.co.uk/stores/bleach/_Hover.html]
[www.thisissoho.co.uk/stores/broadwick-silks/_Hover.html]
[www.thisissoho.co.uk/stores/cass-art/_Hover.html]
[www.thisissoho.co.uk/assets/images/stores/MTM3thumb.jpg]
[www.thisissoho.co.uk/assets/images/stores/sandqvist-thumb.2a3.delayed]
[www.thisissoho.co.uk/news/now-open-sandqvists-uk-flagship-store/index.html]
[www.thisissoho.co.uk/news/meet-the-makers-episode-3_-chris-kerr/index.html]
[www.thisissoho.co.uk/stores/chris-kerr/_Hover.html]
[www.thisissoho.co.uk/stores/gosh-comics/_Hover.html]
[www.thisissoho.co.uk/stores/misan-fabrics/_Hover.html]
[www.thisissoho.co.uk/stores/misan-textiles/_Hover.html]
[www.thisissoho.co.uk/stores/nudie-jeans/_Hover.html]
[www.thisissoho.co.uk/stores/oliver-spencer/_Hover.html]
[www.thisissoho.co.uk/stores/other/_Hover.html]
[www.thisissoho.co.uk/stores/palace/_Hover.html]
[www.thisissoho.co.uk/assets/images/stores/SotU(1/index.html]
[www.thisissoho.co.uk/stores/phonica-records/_Hover.html]
[www.thisissoho.co.uk/news/meet-the-makers-episode-2_-soho-bikes/index.html]
[www.thisissoho.co.uk/assets/images/music/music-homepage.jpg]
[www.thisissoho.co.uk/assets/images/news/cold-boys-thumb.jpg]
[www.thisissoho.co.uk/music/berwick-street-calling/berwick-street-calling-terms-conditions/index.html]
[www.thisissoho.co.uk/news/berwick-street-calling/index.html]
[www.thisissoho.co.uk/assets/images/news/1920x340.gif]
[www.thisissoho.co.uk/assets/images/news/BSCThumb.jpg]
[www.thisissoho.co.uk/news/and-the-winner-is/index.html]
[www.thisissoho.co.uk/music/berwick-street-calling/index.html]
[www.thisissoho.co.uk/news/now-released-berwick-street-calling-vinyl/index.html]
[www.thisissoho.co.uk/news/berwick-street-calling-vote-now/index.html]
[www.thisissoho.co.uk/stores/reckless-records/_Hover.html]
[www.thisissoho.co.uk/stores/reignwear-vintage/_Hover.html]
[www.thisissoho.co.uk/assets/images/news/CoffeeMaps_1920x340.jpg]
[www.thisissoho.co.uk/news/soho-coffee-map/index.html]
[www.thisissoho.co.uk/stores/sandqvist/_Hover.html]
[www.thisissoho.co.uk/assets/images/news/MTM-SISTER-RAY-BANNER.jpg]
[www.thisissoho.co.uk/news/index0e7f.html]
[www.thisissoho.co.uk/news/meet-the-makers-of-sister-ray/index.html]
[www.thisissoho.co.uk/stores/sister-ray/_Hover.html]
[www.thisissoho.co.uk/stores/sounds-of-the-universe/_Hover.html]
[www.thisissoho.co.uk/stores/the-cloth-house/_Hover.html]
[www.thisissoho.co.uk/stores/the-house-of-st-barnabas/_Hover.html]
[www.thisissoho.co.uk/assets/images/stores/wsitch(1/index.html]
[www.thisissoho.co.uk/stores/the-silk-society/_Hover.html]
[www.thisissoho.co.uk/stores/universal-works/_Hover.html]
[www.thisissoho.co.uk/stores/w-sitch-co/_Hover.html]
[www.thisissoho.co.uk/assets/images/news/New_Openings_Article.jpg]
[www.thisissoho.co.uk/news/look-who-s-opening-this-november/index.html]
[www.thisissoho.co.uk/assets/images/news/WAH_News_Article.jpg]
[www.thisissoho.co.uk/news/win-a-vip-day-out-with-wah-london/index.html]
[www.thisissoho.co.uk/stores/wah-london/_Hover.html]
[www.thisissoho.co.uk/assets/images/stores/joe-&-co(1).jpg]
[www.thisissoho.co.uk/assets/images/stores/joe-&-co.jpg]
[www.thisissoho.co.uk/stores/joe-and-co/index.html]
[www.thisissoho.co.uk/assets/images/stores/joe-&-co(1/index.html]
[www.thisissoho.co.uk/stores/teds-grooming-room/_Hover.html]
[www.thisissoho.co.uk/stores/andrew-edmunds/_Hover.html]
[www.thisissoho.co.uk/stores/bao/_Hover.html]
[www.thisissoho.co.uk/assets/images/stores/med-cafe-thumb(2/index.html]
[www.thisissoho.co.uk/stores/blanchette/_Hover.html]
[www.thisissoho.co.uk/stores/bone-daddies/_Hover.html]
[www.thisissoho.co.uk/stores/bukowski-grill/_Hover.html]
[www.thisissoho.co.uk/stores/cookhouse-joe/_Hover.html]
[www.thisissoho.co.uk/stores/crosstown-doughnuts/_Hover.html]
[www.thisissoho.co.uk/stores/dirty-bones/_Hover.html]
[www.thisissoho.co.uk/stores/el-camion/_Hover.html]
[www.thisissoho.co.uk/news/its-time-to-meet-the-makers/index.html]
[www.thisissoho.co.uk/stores/ember-yard/_Hover.html]
[www.thisissoho.co.uk/stores/evelyns-table/_Hover.html]
[www.thisissoho.co.uk/stores/flat-white/_Hover.html]
[www.thisissoho.co.uk/stores/franco-manca/_Hover.html]
[www.thisissoho.co.uk/stores/hovarda/_Hover.html]
[www.thisissoho.co.uk/stores/keu/_Hover.html]
[www.thisissoho.co.uk/stores/kiln/_Hover.html]
[www.thisissoho.co.uk/stores/kricket/_Hover.html]
[www.thisissoho.co.uk/stores/med-bar/_Hover.html]
[www.thisissoho.co.uk/stores/med-cafe/_Hover.html]
[www.thisissoho.co.uk/stores/melt-room/_Hover.html]
[www.thisissoho.co.uk/stores/my-place-soho/_Hover.html]
[www.thisissoho.co.uk/stores/ny-fold/_Hover.html]
[www.thisissoho.co.uk/stores/polpetto/_Hover.html]
[www.thisissoho.co.uk/stores/red-dog-saloon/_Hover.html]
[www.thisissoho.co.uk/stores/shackfuyu/_Hover.html]
[www.thisissoho.co.uk/stores/social-eating-house/_Hover.html]
[www.thisissoho.co.uk/stores/tapas-brindisa/_Hover.html]
[www.thisissoho.co.uk/stores/temper/_Hover.html]
[www.thisissoho.co.uk/stores/the-blue-posts/_Hover.html]
[www.thisissoho.co.uk/stores/the-blue-posts-rupert-street/_Hover.html]
[www.thisissoho.co.uk/stores/the-breakfast-club/_Hover.html]
[www.thisissoho.co.uk/assets/images/stores/Kricket_300x200(1/index.html]
[www.thisissoho.co.uk/stores/the-duck-and-rice/_Hover.html]
[www.thisissoho.co.uk/stores/the-ivy-soho-brasserie/_Hover.html]
[www.thisissoho.co.uk/stores/the-palomar/_Hover.html]
[www.thisissoho.co.uk/stores/the-potato-project/_Hover.html]
[www.thisissoho.co.uk/stores/the-real-greek/_Hover.html]
[www.thisissoho.co.uk/stores/vetro/_Hover.html]
[www.thisissoho.co.uk/stores/xu/_Hover.html]
[www.thisissoho.co.uk/stores/yauatcha/_Hover.html]
[www.thisissoho.co.uk/stores/yumchaa/_Hover.html]
[www.thisissoho.co.uk/the-market/_Hover.html]
[www.thisissoho.co.uk/news/art-alive-the-open-door-project-soho/_Hover.html]
[www.thisissoho.co.uk/terms-conditions/index.html]
[www.thisissoho.co.uk/news/win-48-hours-in-soho-2018/_Hover.html]
[www.thisissoho.co.uk/news/clarks-originals-new-store-berwick-street-soho/_Hover.html]
[www.thisissoho.co.uk/news/late-night-eating-drinking-soho/_Hover.html]
[www.thisissoho.co.uk/news/this-is-soho-sounds-vol-1-dirty-bones/_Hover.html]
[www.thisissoho.co.uk/news/oliver-hooson-guide-to-soho/_Hover.html]
[www.thisissoho.co.uk/assets/images/news/choose_life-banner-02.jpg]
[www.thisissoho.co.uk/assets/images/news/choose-love-01.jpg]
[www.thisissoho.co.uk/assets/images/news/choose-love-02.jpg]
[www.thisissoho.co.uk/assets/images/news/choose-love-03.jpg]
[www.thisissoho.co.uk/news/choose-love-help-refugees-pop-up-soho/index.html]
[www.thisissoho.co.uk/news/nordic-delights-light-festival-soho/_Hover.html]
[www.thisissoho.co.uk/news/dirty-bones-nye-prize-draw/_Hover.html]
[www.thisissoho.co.uk/assets/images/news/soho_christmas_food_drink-banner.jpg]
[www.thisissoho.co.uk/assets/images/news/soho_christmas_kricket.jpg]
[www.thisissoho.co.uk/assets/images/news/soho_christmas_tapas-brindisa.jpg]
[www.thisissoho.co.uk/assets/images/news/soho_christmas_polpetto.jpg]
[www.thisissoho.co.uk/assets/images/news/soho_christmas_dirty-bones.jpg]
[www.thisissoho.co.uk/news/soho-christmas-food-drink/index.html]
[www.thisissoho.co.uk/news/soho-new-years-eve-guide/_Hover.html]
[www.thisissoho.co.uk/news/win-dinner-for-two-in-soho-plus-shopping-spree/_Hover.html]
[www.thisissoho.co.uk/things-to-do/rupert-street-food-safari/=/index.html]
[www.thisissoho.co.uk/things-to-do/rupert-street-food-safari/_Hover.html]
[www.thisissoho.co.uk/things-to-do/coffee-lovers-guide-to-soho/=/index.html]
[www.thisissoho.co.uk/things-to-do/coffee-lovers-guide-to-soho/_Hover.html]
[www.thisissoho.co.uk/assets/images/things-to-do/banners_things_to_do_menswear(1/index.html]
[www.thisissoho.co.uk/things-to-do/menswear-soho-saturday/_Hover.html]
[www.thisissoho.co.uk/assets/images/news/win-500-spend.jpg]
[www.thisissoho.co.uk/london-fashion-week-hot-list/index.html]
[www.thisissoho.co.uk/assets/files/Axel-Banner-News.jpg]
[www.thisissoho.co.uk/assets/files/bleach-thumbnail.jpg]
[www.thisissoho.co.uk/news/meet-the-makers-of-bleach-london/index.html]
[www.thisissoho.co.uk/news/title-open-fire-restaurant-kiln-comes-to-soho/index.html]
[www.thisissoho.co.uk/news/now-open-axel-arigato-s-global-flagship-store/index.html]
[www.thisissoho.co.uk/assets/images/news/LFW_1920x340.jpg]
[www.thisissoho.co.uk/assets/images/news/HOSB_300x200.jpg]
[www.thisissoho.co.uk/meet-the-makers-episode-7-the-house-of-st-barnabas/index.html]
[www.thisissoho.co.uk/news/now-open-other-flagship-store/index.html]
[www.thisissoho.co.uk/assets/images/news/festival-thumb(1).jpg]
[www.thisissoho.co.uk/assets/images/news/festival-edit.jpg]
[www.thisissoho.co.uk/assets/images/news/pop-up-38-thumb.jpg]
[www.thisissoho.co.uk/assets/images/for website 300x200.2d1.delayed]
[www.thisissoho.co.uk/news/concept-charity-boutique-pop-up-38-is-back/index.html]
[www.thisissoho.co.uk/assets/images/news/eggs-thumb.jpg]
[www.thisissoho.co.uk/news/how-do-you-like-your-eggs/index.html]
[www.thisissoho.co.uk/news/give-a-new-meaning-to-your-shopping-with-love-unt/index.html]
[www.thisissoho.co.uk/news/the-festival-survival-kit/index.html]
[www.thisissoho.co.uk/assets/images/news/festival-thumb(1/index.html]
[www.thisissoho.co.uk/news/spring-trainers-edit/_Hover.html]
[www.thisissoho.co.uk/stores/_Hover.html]
[www.thisissoho.co.uk/community/charity-partner/_Hover.html]
[www.thisissoho.co.uk/assets/images/stores/meet-the-makers-chris-kerr(1/index.html]
[www.thisissoho.co.uk/stores/soho-bikes/index.html]
[www.thisissoho.co.uk/assets/images/stores/meet-the-makers-soho-bikes.jpg]
[www.thisissoho.co.uk/news/meet-the-makers-episode-2_-soho-bikes/index.html]
[www.thisissoho.co.uk/assets/images/news/sandqvist.jpg]
[www.thisissoho.co.uk/assets/images/LFW_Thumbnail.jpg]
[www.thisissoho.co.uk/news/your-london-fashion-week-survival-guide/index.html]
[www.thisissoho.co.uk/news/now-open-sandqvists-uk-flagship-store/index.html]
[www.thisissoho.co.uk/news/meet-the-makers-episode-3_-chris-kerr/_Hover.html]
[www.thisissoho.co.uk/music/index.html]
[www.thisissoho.co.uk/music/berwick-street-calling/berwick-street-calling-terms-conditions/index.html]
[www.thisissoho.co.uk/assets/images/news/coldboys1.jpg]
[www.thisissoho.co.uk/assets/images/home/Gosh_Home copy.jpg]
[www.thisissoho.co.uk/news/meet-the-makers-episode-5-gosh-comics/index.html]
[www.thisissoho.co.uk/news/and-the-winner-is/index.html]
[www.thisissoho.co.uk/news/berwick-street-calling/_Hover.html]
[www.thisissoho.co.uk/assets/images/berwickstreetcalling/Attraktors.jpg]
[www.thisissoho.co.uk/assets/images/berwickstreetcalling/Arrow_Black_Vote_Up.png]
[www.thisissoho.co.uk/assets/images/berwickstreetcalling/berriessitting.jpg]
[www.thisissoho.co.uk/assets/images/berwickstreetcalling/blank-parody.jpg]
[www.thisissoho.co.uk/music/berwick-street-calling/artists/index.html]
[www.thisissoho.co.uk/assets/images/berwickstreetcalling/Screen Shot 2016-06-07 at 14_26_32.png]
[www.thisissoho.co.uk/assets/images/berwickstreetcalling/Unknown.jpg]
[www.thisissoho.co.uk/assets/images/berwickstreetcalling/12794734_1176541672370074_6876088680371339027_o.jpg]
[www.thisissoho.co.uk/assets/images/berwickstreetcalling/moss.jpg]
[www.thisissoho.co.uk/assets/images/berwickstreetcalling/10639568_280683122134512_6919113090614625932_n.jpg]
[www.thisissoho.co.uk/assets/images/berwickstreetcalling/10014542_482597425234393_8527793912567666785_n.jpg]
[www.thisissoho.co.uk/assets/images/berwickstreetcalling/SafeToSwim-9.jpg]
[www.thisissoho.co.uk/assets/images/berwickstreetcalling/07_04_16_website-gif.gif]
[connect.soundcloud.com/sdk.js]
[www.thisissoho.co.uk/scripts/soundmanager2-nodebug-jsmin.js]
[www.thisissoho.co.uk/music/berwick-street-calling/index.html]
[www.thisissoho.co.uk/assets/images/news/BSCArticle.jpg]
[www.thisissoho.co.uk/news/now-released-berwick-street-calling-vinyl/index.html]
[www.thisissoho.co.uk/news/berwick-street-calling-vote-now/_Hover.html]
[www.thisissoho.co.uk/news/soho-coffee-map/_Hover.html]
[www.thisissoho.co.uk/news/index0e7f.html]
[www.thisissoho.co.uk/news/meet-the-makers-of-sister-ray/_Hover.html]
[www.thisissoho.co.uk/news/look-who-s-opening-this-november/_Hover.html]
[www.thisissoho.co.uk/news/win-a-vip-day-out-with-wah-london/_Hover.html]
[www.thisissoho.co.uk/stores/joe-and-co/_Hover.html]
[www.thisissoho.co.uk/news/its-time-to-meet-the-makers/_Hover.html]
[www.thisissoho.co.uk/terms-conditions/_Hover.html]
[www.thisissoho.co.uk/news/choose-love-help-refugees-pop-up-soho/_Hover.html]
[www.thisissoho.co.uk/news/soho-christmas-food-drink/_Hover.html]
[www.thisissoho.co.uk/london-fashion-week-hot-list/_Hover.html]
[www.thisissoho.co.uk/assets/images/bleach-MTM.jpg]
[www.thisissoho.co.uk/news/meet-the-makers-of-bleach-london/index.html]
[www.thisissoho.co.uk/assets/images/news/Kiln_Overview(1).jpg]
[www.thisissoho.co.uk/assets/images/news/Kiln_News.jpg]
[www.thisissoho.co.uk/assets/images/news/Kricket_300x200.jpg]
[www.thisissoho.co.uk/assets/images/news/late-nights-website.jpg]
[www.thisissoho.co.uk/news/kricket-opens-on-denman-street/index.html]
[www.thisissoho.co.uk/news/late-night-haunts-in-berwick-street-1/index.html]
[www.thisissoho.co.uk/news/title-open-fire-restaurant-kiln-comes-to-soho/index.html]
[www.thisissoho.co.uk/assets/images/news/Kiln_Overview(1/index.html]
[www.thisissoho.co.uk/news/now-open-axel-arigato-s-global-flagship-store/_Hover.html]
[www.thisissoho.co.uk/assets/files/HOSB_1920x340.jpg]
[www.thisissoho.co.uk/assets/images/news/ThisBecause_Thumb.jpg]
[www.thisissoho.co.uk/news/make-your-christmas-shopping-ethical-at-this-because/index.html]
[www.thisissoho.co.uk/meet-the-makers-episode-7-the-house-of-st-barnabas/index.html]
[www.thisissoho.co.uk/news/now-open-other-flagship-store/_Hover.html]
[www.thisissoho.co.uk/assets/images/news/pop-up-38-2.jpg]
[www.thisissoho.co.uk/news/concept-charity-boutique-pop-up-38-is-back/index.html]
[www.thisissoho.co.uk/assets/images/for website 1920x340.jpg]
[www.thisissoho.co.uk/news/give-a-new-meaning-to-your-shopping-with-love-unt/index.html]
[www.thisissoho.co.uk/assets/images/news/eggs-banner.jpg]
[www.thisissoho.co.uk/news/how-do-you-like-your-eggs/index.html]
[www.thisissoho.co.uk/news/the-festival-survival-kit/_Hover.html]
[www.thisissoho.co.uk/news/meet-the-makers-episode-2_-soho-bikes/_Hover.html]
[www.thisissoho.co.uk/assets/images/LFW_News.jpg]
[www.thisissoho.co.uk/news/your-london-fashion-week-survival-guide/index.html]
[www.thisissoho.co.uk/news/now-open-sandqvists-uk-flagship-store/_Hover.html]
[www.thisissoho.co.uk/assets/images/stores/music-thumbnail.jpg]
[www.thisissoho.co.uk/assets/images/home/berwick-street-calling.jpg]
[www.thisissoho.co.uk/assets/images/music/music-history-carosel.jpg]
[www.thisissoho.co.uk/assets/images/news/vinyl-revival.jpg]
[www.thisissoho.co.uk/assets/images/home/meet-the-makers-carosel.jpg]
[www.thisissoho.co.uk/news/the-vinyl-revival-in-conversation-with-sav-remzi-phil-barton-and-simone-butler/index.html]
[www.thisissoho.co.uk/music/index.html]
[www.thisissoho.co.uk/music/berwick-street-calling/berwick-street-calling-terms-conditions/_Hover.html]
[www.thisissoho.co.uk/assets/images/home/Gosh_Home.jpg]
[www.thisissoho.co.uk/news/meet-the-makers-episode-5-gosh-comics/index.html]
[www.thisissoho.co.uk/news/and-the-winner-is/_Hover.html]
[www.thisissoho.co.uk/music/berwick-street-calling/artists/index.html]
[www.thisissoho.co.uk/scripts/soundmanager2-nodebug-jsmin.js]
[www.thisissoho.co.uk/music/berwick-street-calling/_Hover.html]
[www.thisissoho.co.uk/news/now-released-berwick-street-calling-vinyl/_Hover.html]
[www.thisissoho.co.uk/news/meet-the-makers-of-bleach-london/_Hover.html]
[www.thisissoho.co.uk/assets/images/news/Kricket_1920x340.jpg]
[www.thisissoho.co.uk/assets/images/news/soho-food-feast-thumb.jpg]
[www.thisissoho.co.uk/news/things-to-do-this-weekend-soho-food-feast/index.html]
[www.thisissoho.co.uk/news/kricket-opens-on-denman-street/index.html]
[www.thisissoho.co.uk/assets/images/news/late-night-haunts-banner.jpg]
[www.thisissoho.co.uk/news/late-night-haunts-in-berwick-street-1/index.html]
[www.thisissoho.co.uk/news/title-open-fire-restaurant-kiln-comes-to-soho/_Hover.html]
[www.thisissoho.co.uk/assets/images/news/ThisBecause_news.jpg]
[www.thisissoho.co.uk/news/make-your-christmas-shopping-ethical-at-this-because/index.html]
[www.thisissoho.co.uk/meet-the-makers-episode-7-the-house-of-st-barnabas/_Hover.html]
[www.thisissoho.co.uk/news/concept-charity-boutique-pop-up-38-is-back/_Hover.html]
[www.thisissoho.co.uk/news/give-a-new-meaning-to-your-shopping-with-love-unt/_Hover.html]
[www.thisissoho.co.uk/news/how-do-you-like-your-eggs/_Hover.html]
[www.thisissoho.co.uk/news/your-london-fashion-week-survival-guide/_Hover.html]
[www.thisissoho.co.uk/assets/images/news/vinyl-revival-thumb.jpg]
[www.thisissoho.co.uk/news/the-vinyl-revival-in-conversation-with-sav-remzi-phil-barton-and-simone-butler/index.html]
[www.thisissoho.co.uk/music/_Hover.html]
[www.thisissoho.co.uk/berwickstlondon/index.html]
[www.thisissoho.co.uk/news/meet-the-makers-episode-5-gosh-comics/_Hover.html]
[www.thisissoho.co.uk/music/berwick-street-calling/artists/_Hover.html]
[www.thisissoho.co.uk/assets/images/news/soho-food-feast-feat.jpg]
[www.thisissoho.co.uk/news/things-to-do-this-weekend-soho-food-feast/index.html]
[www.thisissoho.co.uk/news/kricket-opens-on-denman-street/_Hover.html]
[www.thisissoho.co.uk/news/late-night-haunts-in-berwick-street-1/_Hover.html]
[www.thisissoho.co.uk/news/make-your-christmas-shopping-ethical-at-this-because/_Hover.html]
[www.thisissoho.co.uk/news/the-vinyl-revival-in-conversation-with-sav-remzi-phil-barton-and-simone-butler/_Hover.html]
[www.thisissoho.co.uk/news/things-to-do-this-weekend-soho-food-feast/_Hover.html]
